---------------------------------------------------------------
[ 2018-06-14T17:06:18+08:00 ] ::1 ::1 GET /feichangcelue/ucenter/user_info.html
[ info ] localhost:888/feichangcelue/ucenter/user_info.html [运行时间：0.136000s][吞吐率：7.35req/s] [内存消耗：3,107.87kb] [文件加载：60]
[ info ] [ CACHE ] INIT File
[ info ] [ LANG ] E:\DownloadSoftware\WWW\feichangcelue\thinkphp\lang\zh-cn.php
[ info ] [ ROUTE ] array (
  'type' => 'module',
  'module' => 
  array (
    0 => 'index',
    1 => 'ucenter',
    2 => 'user_info',
  ),
  'convert' => false,
)
[ info ] [ HEADER ] array (
  'host' => 'localhost:888',
  'connection' => 'keep-alive',
  'upgrade-insecure-requests' => '1',
  'user-agent' => 'Mozilla/5.0 (Linux; Android 6.0; Nexus 5 Build/MRA58N) AppleWebKit/537.36 (KHTML, like Gecko) Chrome/65.0.3325.181 Mobile Safari/537.36',
  'accept' => 'text/html,application/xhtml+xml,application/xml;q=0.9,image/webp,image/apng,*/*;q=0.8',
  'referer' => 'http://localhost:888/feichangcelue/ucenter/home.html',
  'accept-encoding' => 'gzip, deflate, br',
  'accept-language' => 'zh-CN,zh;q=0.9',
  'cookie' => 'Phpstorm-716cfd00=9e33e4ed-552c-4c41-9965-99ca56b64514; UM_distinctid=162a9ec99bd194-0c7414f5c5562-4446062d-144000-162a9ec99be867; CNZZDATA1263804910=503179565-1523269188-%7C1523269188; bdshare_firstime=1527066634311; ECS_ID=f61e786d7c00b7dcb924c10a6cdbd844c0988d22; ECS[visit_times]=1; PHPSESSID=brvod9k5qs1m9ad8k2qcan4ig5',
)
[ info ] [ PARAM ] array (
)
[ info ] [ BEHAVIOR ] Run app\common\behavior\Config @app_begin [ RunTime:0.000000s ]
[ info ] [ BEHAVIOR ] Run app\common\behavior\Hook @app_begin [ RunTime:0.005000s ]
[ info ] [ DB ] INIT mysql
[ info ] [ RUN ] app\index\controller\Ucenter->user_info[ E:\DownloadSoftware\WWW\feichangcelue\application\index\controller\Ucenter.php ]
[ info ] [ VIEW ] E:\DownloadSoftware\WWW\feichangcelue/application/index\view\ucenter\mobile\user_info.html [ array (
  0 => 'phone',
  1 => 'QQ',
  2 => 'usableSum',
  3 => 'member',
  4 => 'IDNumber',
) ]
[ info ] [ LOG ] INIT File
[ sql ] [ DB ] CONNECT:[ UseTime:0.001000s ] mysql:dbname=feichangmoulue;host=127.0.0.1;port=3306;charset=utf8
[ sql ] [ SQL ] SHOW COLUMNS FROM `xh_member` [ RunTime:0.006000s ]
[ sql ] [ SQL ] SELECT `usableSum` FROM `xh_member` WHERE  (  id=1304 ) LIMIT 1 [ RunTime:0.000000s ]
[ sql ] [ SQL ] SELECT * FROM `xh_member` WHERE  (  id=1304 ) LIMIT 1 [ RunTime:0.001000s ]
[ sql ] [ SQL ] SELECT * FROM `xh_member` WHERE  (  id = 1304 ) LIMIT 1 [ RunTime:0.000000s ]
---------------------------------------------------------------
[ 2018-06-14T17:06:19+08:00 ] ::1 ::1 GET /feichangcelue/ucenter/home.html
[ info ] localhost:888/feichangcelue/ucenter/home.html [运行时间：0.099000s][吞吐率：10.10req/s] [内存消耗：3,162.12kb] [文件加载：61]
[ info ] [ CACHE ] INIT File
[ info ] [ LANG ] E:\DownloadSoftware\WWW\feichangcelue\thinkphp\lang\zh-cn.php
[ info ] [ ROUTE ] array (
  'type' => 'module',
  'module' => 
  array (
    0 => 'index',
    1 => 'ucenter',
    2 => 'home',
  ),
  'convert' => false,
)
[ info ] [ HEADER ] array (
  'host' => 'localhost:888',
  'connection' => 'keep-alive',
  'upgrade-insecure-requests' => '1',
  'user-agent' => 'Mozilla/5.0 (Linux; Android 6.0; Nexus 5 Build/MRA58N) AppleWebKit/537.36 (KHTML, like Gecko) Chrome/65.0.3325.181 Mobile Safari/537.36',
  'accept' => 'text/html,application/xhtml+xml,application/xml;q=0.9,image/webp,image/apng,*/*;q=0.8',
  'referer' => 'http://localhost:888/feichangcelue/',
  'accept-encoding' => 'gzip, deflate, br',
  'accept-language' => 'zh-CN,zh;q=0.9',
  'cookie' => 'Phpstorm-716cfd00=9e33e4ed-552c-4c41-9965-99ca56b64514; UM_distinctid=162a9ec99bd194-0c7414f5c5562-4446062d-144000-162a9ec99be867; CNZZDATA1263804910=503179565-1523269188-%7C1523269188; bdshare_firstime=1527066634311; ECS_ID=f61e786d7c00b7dcb924c10a6cdbd844c0988d22; ECS[visit_times]=1; PHPSESSID=brvod9k5qs1m9ad8k2qcan4ig5',
)
[ info ] [ PARAM ] array (
)
[ info ] [ BEHAVIOR ] Run app\common\behavior\Config @app_begin [ RunTime:0.001000s ]
[ info ] [ BEHAVIOR ] Run app\common\behavior\Hook @app_begin [ RunTime:0.007000s ]
[ info ] [ DB ] INIT mysql
[ info ] [ RUN ] app\index\controller\Ucenter->home[ E:\DownloadSoftware\WWW\feichangcelue\application\index\controller\Ucenter.php ]
[ info ] [ VIEW ] E:\DownloadSoftware\WWW\feichangcelue/application/index\view\ucenter\mobile\home.html [ array (
  0 => 'phone',
  1 => 'QQ',
  2 => 'usableSum',
  3 => 'member',
) ]
[ info ] [ LOG ] INIT File
[ sql ] [ DB ] CONNECT:[ UseTime:0.010000s ] mysql:dbname=feichangmoulue;host=127.0.0.1;port=3306;charset=utf8
[ sql ] [ SQL ] SHOW COLUMNS FROM `xh_member` [ RunTime:0.007000s ]
[ sql ] [ SQL ] SELECT `usableSum` FROM `xh_member` WHERE  (  id=1304 ) LIMIT 1 [ RunTime:0.001000s ]
[ sql ] [ SQL ] SELECT * FROM `xh_member` WHERE  (  id=1304 ) LIMIT 1 [ RunTime:0.000000s ]
---------------------------------------------------------------
[ 2018-06-14T17:06:23+08:00 ] ::1 ::1 GET /feichangcelue/ucenter/bankcards.html
[ info ] localhost:888/feichangcelue/ucenter/bankcards.html [运行时间：0.096000s][吞吐率：10.42req/s] [内存消耗：3,115.02kb] [文件加载：60]
[ info ] [ CACHE ] INIT File
[ info ] [ LANG ] E:\DownloadSoftware\WWW\feichangcelue\thinkphp\lang\zh-cn.php
[ info ] [ ROUTE ] array (
  'type' => 'module',
  'module' => 
  array (
    0 => 'index',
    1 => 'ucenter',
    2 => 'bankcards',
  ),
  'convert' => false,
)
[ info ] [ HEADER ] array (
  'host' => 'localhost:888',
  'connection' => 'keep-alive',
  'upgrade-insecure-requests' => '1',
  'user-agent' => 'Mozilla/5.0 (Linux; Android 6.0; Nexus 5 Build/MRA58N) AppleWebKit/537.36 (KHTML, like Gecko) Chrome/65.0.3325.181 Mobile Safari/537.36',
  'accept' => 'text/html,application/xhtml+xml,application/xml;q=0.9,image/webp,image/apng,*/*;q=0.8',
  'referer' => 'http://localhost:888/feichangcelue/ucenter/home.html',
  'accept-encoding' => 'gzip, deflate, br',
  'accept-language' => 'zh-CN,zh;q=0.9',
  'cookie' => 'Phpstorm-716cfd00=9e33e4ed-552c-4c41-9965-99ca56b64514; UM_distinctid=162a9ec99bd194-0c7414f5c5562-4446062d-144000-162a9ec99be867; CNZZDATA1263804910=503179565-1523269188-%7C1523269188; bdshare_firstime=1527066634311; ECS_ID=f61e786d7c00b7dcb924c10a6cdbd844c0988d22; ECS[visit_times]=1; PHPSESSID=brvod9k5qs1m9ad8k2qcan4ig5',
)
[ info ] [ PARAM ] array (
)
[ info ] [ BEHAVIOR ] Run app\common\behavior\Config @app_begin [ RunTime:0.000000s ]
[ info ] [ BEHAVIOR ] Run app\common\behavior\Hook @app_begin [ RunTime:0.006000s ]
[ info ] [ DB ] INIT mysql
[ info ] [ RUN ] app\index\controller\Ucenter->bankcards[ E:\DownloadSoftware\WWW\feichangcelue\application\index\controller\Ucenter.php ]
[ info ] [ VIEW ] E:\DownloadSoftware\WWW\feichangcelue/application/index\view\ucenter\mobile\bankcard.html [ array (
  0 => 'phone',
  1 => 'QQ',
  2 => 'usableSum',
  3 => 'member',
  4 => 'realName',
  5 => 'bankcard',
  6 => 'cardEndNO',
) ]
[ info ] [ LOG ] INIT File
[ sql ] [ DB ] CONNECT:[ UseTime:0.010000s ] mysql:dbname=feichangmoulue;host=127.0.0.1;port=3306;charset=utf8
[ sql ] [ SQL ] SHOW COLUMNS FROM `xh_member` [ RunTime:0.006000s ]
[ sql ] [ SQL ] SELECT `usableSum` FROM `xh_member` WHERE  (  id=1304 ) LIMIT 1 [ RunTime:0.000000s ]
[ sql ] [ SQL ] SELECT * FROM `xh_member` WHERE  (  id=1304 ) LIMIT 1 [ RunTime:0.001000s ]
[ sql ] [ SQL ] SELECT * FROM `xh_member` WHERE  (  id = 1304 ) LIMIT 1 [ RunTime:0.000000s ]
[ sql ] [ SQL ] SHOW COLUMNS FROM `xh_bankcard` [ RunTime:0.007000s ]
[ sql ] [ SQL ] SELECT * FROM `xh_bankcard` WHERE  (  memberId=1304 ) LIMIT 1 [ RunTime:0.000000s ]
---------------------------------------------------------------
[ 2018-06-14T17:06:49+08:00 ] ::1 ::1 GET /feichangcelue/ucenter/add_bankcard.html
[ info ] localhost:888/feichangcelue/ucenter/add_bankcard.html [运行时间：0.133000s][吞吐率：7.52req/s] [内存消耗：3,269.00kb] [文件加载：62]
[ info ] [ CACHE ] INIT File
[ info ] [ LANG ] E:\DownloadSoftware\WWW\feichangcelue\thinkphp\lang\zh-cn.php
[ info ] [ ROUTE ] array (
  'type' => 'module',
  'module' => 
  array (
    0 => 'index',
    1 => 'ucenter',
    2 => 'add_bankcard',
  ),
  'convert' => false,
)
[ info ] [ HEADER ] array (
  'host' => 'localhost:888',
  'connection' => 'keep-alive',
  'upgrade-insecure-requests' => '1',
  'user-agent' => 'Mozilla/5.0 (Linux; Android 6.0; Nexus 5 Build/MRA58N) AppleWebKit/537.36 (KHTML, like Gecko) Chrome/65.0.3325.181 Mobile Safari/537.36',
  'accept' => 'text/html,application/xhtml+xml,application/xml;q=0.9,image/webp,image/apng,*/*;q=0.8',
  'referer' => 'http://localhost:888/feichangcelue/ucenter/bankcards.html',
  'accept-encoding' => 'gzip, deflate, br',
  'accept-language' => 'zh-CN,zh;q=0.9',
  'cookie' => 'Phpstorm-716cfd00=9e33e4ed-552c-4c41-9965-99ca56b64514; UM_distinctid=162a9ec99bd194-0c7414f5c5562-4446062d-144000-162a9ec99be867; CNZZDATA1263804910=503179565-1523269188-%7C1523269188; bdshare_firstime=1527066634311; ECS_ID=f61e786d7c00b7dcb924c10a6cdbd844c0988d22; ECS[visit_times]=1; PHPSESSID=brvod9k5qs1m9ad8k2qcan4ig5',
)
[ info ] [ PARAM ] array (
)
[ info ] [ BEHAVIOR ] Run app\common\behavior\Config @app_begin [ RunTime:0.000000s ]
[ info ] [ BEHAVIOR ] Run app\common\behavior\Hook @app_begin [ RunTime:0.006000s ]
[ info ] [ DB ] INIT mysql
[ info ] [ RUN ] app\index\controller\Ucenter->add_bankcard[ E:\DownloadSoftware\WWW\feichangcelue\application\index\controller\Ucenter.php ]
[ info ] [ VIEW ] E:\DownloadSoftware\WWW\feichangcelue/application/index\view\ucenter\mobile\add_bankcard.html [ array (
  0 => 'phone',
  1 => 'QQ',
  2 => 'usableSum',
  3 => 'member',
  4 => 'realName',
  5 => 'bankcard',
  6 => 'cardEndNO',
) ]
[ info ] [ LOG ] INIT File
[ sql ] [ DB ] CONNECT:[ UseTime:0.001000s ] mysql:dbname=feichangmoulue;host=127.0.0.1;port=3306;charset=utf8
[ sql ] [ SQL ] SHOW COLUMNS FROM `xh_member` [ RunTime:0.007000s ]
[ sql ] [ SQL ] SELECT `usableSum` FROM `xh_member` WHERE  (  id=1304 ) LIMIT 1 [ RunTime:0.000000s ]
[ sql ] [ SQL ] SELECT * FROM `xh_member` WHERE  (  id=1304 ) LIMIT 1 [ RunTime:0.001000s ]
[ sql ] [ SQL ] SELECT * FROM `xh_member` WHERE  (  id = 1304 ) LIMIT 1 [ RunTime:0.000000s ]
[ sql ] [ SQL ] SHOW COLUMNS FROM `xh_bankcard` [ RunTime:0.007000s ]
[ sql ] [ SQL ] SELECT * FROM `xh_bankcard` WHERE  (  memberId=1304 ) LIMIT 1 [ RunTime:0.001000s ]
---------------------------------------------------------------
[ 2018-06-14T17:06:55+08:00 ] ::1 ::1 GET /feichangcelue/ucenter/user_info.html
[ info ] localhost:888/feichangcelue/ucenter/user_info.html [运行时间：0.072000s][吞吐率：13.89req/s] [内存消耗：3,107.68kb] [文件加载：60]
[ info ] [ CACHE ] INIT File
[ info ] [ LANG ] E:\DownloadSoftware\WWW\feichangcelue\thinkphp\lang\zh-cn.php
[ info ] [ ROUTE ] array (
  'type' => 'module',
  'module' => 
  array (
    0 => 'index',
    1 => 'ucenter',
    2 => 'user_info',
  ),
  'convert' => false,
)
[ info ] [ HEADER ] array (
  'host' => 'localhost:888',
  'connection' => 'keep-alive',
  'upgrade-insecure-requests' => '1',
  'user-agent' => 'Mozilla/5.0 (Linux; Android 6.0; Nexus 5 Build/MRA58N) AppleWebKit/537.36 (KHTML, like Gecko) Chrome/65.0.3325.181 Mobile Safari/537.36',
  'accept' => 'text/html,application/xhtml+xml,application/xml;q=0.9,image/webp,image/apng,*/*;q=0.8',
  'referer' => 'http://localhost:888/feichangcelue/ucenter/add_bankcard.html',
  'accept-encoding' => 'gzip, deflate, br',
  'accept-language' => 'zh-CN,zh;q=0.9',
  'cookie' => 'Phpstorm-716cfd00=9e33e4ed-552c-4c41-9965-99ca56b64514; UM_distinctid=162a9ec99bd194-0c7414f5c5562-4446062d-144000-162a9ec99be867; CNZZDATA1263804910=503179565-1523269188-%7C1523269188; bdshare_firstime=1527066634311; ECS_ID=f61e786d7c00b7dcb924c10a6cdbd844c0988d22; ECS[visit_times]=1; PHPSESSID=brvod9k5qs1m9ad8k2qcan4ig5',
)
[ info ] [ PARAM ] array (
)
[ info ] [ BEHAVIOR ] Run app\common\behavior\Config @app_begin [ RunTime:0.001000s ]
[ info ] [ BEHAVIOR ] Run app\common\behavior\Hook @app_begin [ RunTime:0.004000s ]
[ info ] [ DB ] INIT mysql
[ info ] [ RUN ] app\index\controller\Ucenter->user_info[ E:\DownloadSoftware\WWW\feichangcelue\application\index\controller\Ucenter.php ]
[ info ] [ VIEW ] E:\DownloadSoftware\WWW\feichangcelue/application/index\view\ucenter\mobile\user_info.html [ array (
  0 => 'phone',
  1 => 'QQ',
  2 => 'usableSum',
  3 => 'member',
  4 => 'IDNumber',
) ]
[ info ] [ LOG ] INIT File
[ sql ] [ DB ] CONNECT:[ UseTime:0.011000s ] mysql:dbname=feichangmoulue;host=127.0.0.1;port=3306;charset=utf8
[ sql ] [ SQL ] SHOW COLUMNS FROM `xh_member` [ RunTime:0.007000s ]
[ sql ] [ SQL ] SELECT `usableSum` FROM `xh_member` WHERE  (  id=1304 ) LIMIT 1 [ RunTime:0.001000s ]
[ sql ] [ SQL ] SELECT * FROM `xh_member` WHERE  (  id=1304 ) LIMIT 1 [ RunTime:0.001000s ]
[ sql ] [ SQL ] SELECT * FROM `xh_member` WHERE  (  id = 1304 ) LIMIT 1 [ RunTime:0.001000s ]
---------------------------------------------------------------
[ 2018-06-14T17:06:58+08:00 ] ::1 ::1 GET /feichangcelue/ucenter/add_bankcard.html
[ info ] localhost:888/feichangcelue/ucenter/add_bankcard.html [运行时间：0.087000s][吞吐率：11.49req/s] [内存消耗：3,112.08kb] [文件加载：60]
[ info ] [ CACHE ] INIT File
[ info ] [ LANG ] E:\DownloadSoftware\WWW\feichangcelue\thinkphp\lang\zh-cn.php
[ info ] [ ROUTE ] array (
  'type' => 'module',
  'module' => 
  array (
    0 => 'index',
    1 => 'ucenter',
    2 => 'add_bankcard',
  ),
  'convert' => false,
)
[ info ] [ HEADER ] array (
  'host' => 'localhost:888',
  'connection' => 'keep-alive',
  'upgrade-insecure-requests' => '1',
  'user-agent' => 'Mozilla/5.0 (Linux; Android 6.0; Nexus 5 Build/MRA58N) AppleWebKit/537.36 (KHTML, like Gecko) Chrome/65.0.3325.181 Mobile Safari/537.36',
  'accept' => 'text/html,application/xhtml+xml,application/xml;q=0.9,image/webp,image/apng,*/*;q=0.8',
  'referer' => 'http://localhost:888/feichangcelue/ucenter/bankcards.html',
  'accept-encoding' => 'gzip, deflate, br',
  'accept-language' => 'zh-CN,zh;q=0.9',
  'cookie' => 'Phpstorm-716cfd00=9e33e4ed-552c-4c41-9965-99ca56b64514; UM_distinctid=162a9ec99bd194-0c7414f5c5562-4446062d-144000-162a9ec99be867; CNZZDATA1263804910=503179565-1523269188-%7C1523269188; bdshare_firstime=1527066634311; ECS_ID=f61e786d7c00b7dcb924c10a6cdbd844c0988d22; ECS[visit_times]=1; PHPSESSID=brvod9k5qs1m9ad8k2qcan4ig5',
)
[ info ] [ PARAM ] array (
)
[ info ] [ BEHAVIOR ] Run app\common\behavior\Config @app_begin [ RunTime:0.001000s ]
[ info ] [ BEHAVIOR ] Run app\common\behavior\Hook @app_begin [ RunTime:0.004000s ]
[ info ] [ DB ] INIT mysql
[ info ] [ RUN ] app\index\controller\Ucenter->add_bankcard[ E:\DownloadSoftware\WWW\feichangcelue\application\index\controller\Ucenter.php ]
[ info ] [ VIEW ] E:\DownloadSoftware\WWW\feichangcelue/application/index\view\ucenter\mobile\add_bankcard.html [ array (
  0 => 'phone',
  1 => 'QQ',
  2 => 'usableSum',
  3 => 'member',
  4 => 'realName',
  5 => 'bankcard',
  6 => 'cardEndNO',
) ]
[ info ] [ LOG ] INIT File
[ sql ] [ DB ] CONNECT:[ UseTime:0.010000s ] mysql:dbname=feichangmoulue;host=127.0.0.1;port=3306;charset=utf8
[ sql ] [ SQL ] SHOW COLUMNS FROM `xh_member` [ RunTime:0.007000s ]
[ sql ] [ SQL ] SELECT `usableSum` FROM `xh_member` WHERE  (  id=1304 ) LIMIT 1 [ RunTime:0.000000s ]
[ sql ] [ SQL ] SELECT * FROM `xh_member` WHERE  (  id=1304 ) LIMIT 1 [ RunTime:0.000000s ]
[ sql ] [ SQL ] SELECT * FROM `xh_member` WHERE  (  id = 1304 ) LIMIT 1 [ RunTime:0.000000s ]
[ sql ] [ SQL ] SHOW COLUMNS FROM `xh_bankcard` [ RunTime:0.005000s ]
[ sql ] [ SQL ] SELECT * FROM `xh_bankcard` WHERE  (  memberId=1304 ) LIMIT 1 [ RunTime:0.001000s ]
---------------------------------------------------------------
[ 2018-06-14T17:07:07+08:00 ] ::1 ::1 GET /feichangcelue/ucenter/bankcards.html
[ info ] localhost:888/feichangcelue/ucenter/bankcards.html [运行时间：0.102000s][吞吐率：9.80req/s] [内存消耗：3,115.02kb] [文件加载：60]
[ info ] [ CACHE ] INIT File
[ info ] [ LANG ] E:\DownloadSoftware\WWW\feichangcelue\thinkphp\lang\zh-cn.php
[ info ] [ ROUTE ] array (
  'type' => 'module',
  'module' => 
  array (
    0 => 'index',
    1 => 'ucenter',
    2 => 'bankcards',
  ),
  'convert' => false,
)
[ info ] [ HEADER ] array (
  'host' => 'localhost:888',
  'connection' => 'keep-alive',
  'upgrade-insecure-requests' => '1',
  'user-agent' => 'Mozilla/5.0 (Linux; Android 6.0; Nexus 5 Build/MRA58N) AppleWebKit/537.36 (KHTML, like Gecko) Chrome/65.0.3325.181 Mobile Safari/537.36',
  'accept' => 'text/html,application/xhtml+xml,application/xml;q=0.9,image/webp,image/apng,*/*;q=0.8',
  'referer' => 'http://localhost:888/feichangcelue/ucenter/home.html',
  'accept-encoding' => 'gzip, deflate, br',
  'accept-language' => 'zh-CN,zh;q=0.9',
  'cookie' => 'Phpstorm-716cfd00=9e33e4ed-552c-4c41-9965-99ca56b64514; UM_distinctid=162a9ec99bd194-0c7414f5c5562-4446062d-144000-162a9ec99be867; CNZZDATA1263804910=503179565-1523269188-%7C1523269188; bdshare_firstime=1527066634311; ECS_ID=f61e786d7c00b7dcb924c10a6cdbd844c0988d22; ECS[visit_times]=1; PHPSESSID=brvod9k5qs1m9ad8k2qcan4ig5',
)
[ info ] [ PARAM ] array (
)
[ info ] [ BEHAVIOR ] Run app\common\behavior\Config @app_begin [ RunTime:0.001000s ]
[ info ] [ BEHAVIOR ] Run app\common\behavior\Hook @app_begin [ RunTime:0.005000s ]
[ info ] [ DB ] INIT mysql
[ info ] [ RUN ] app\index\controller\Ucenter->bankcards[ E:\DownloadSoftware\WWW\feichangcelue\application\index\controller\Ucenter.php ]
[ info ] [ VIEW ] E:\DownloadSoftware\WWW\feichangcelue/application/index\view\ucenter\mobile\bankcard.html [ array (
  0 => 'phone',
  1 => 'QQ',
  2 => 'usableSum',
  3 => 'member',
  4 => 'realName',
  5 => 'bankcard',
  6 => 'cardEndNO',
) ]
[ info ] [ LOG ] INIT File
[ sql ] [ DB ] CONNECT:[ UseTime:0.010000s ] mysql:dbname=feichangmoulue;host=127.0.0.1;port=3306;charset=utf8
[ sql ] [ SQL ] SHOW COLUMNS FROM `xh_member` [ RunTime:0.006000s ]
[ sql ] [ SQL ] SELECT `usableSum` FROM `xh_member` WHERE  (  id=1304 ) LIMIT 1 [ RunTime:0.001000s ]
[ sql ] [ SQL ] SELECT * FROM `xh_member` WHERE  (  id=1304 ) LIMIT 1 [ RunTime:0.000000s ]
[ sql ] [ SQL ] SELECT * FROM `xh_member` WHERE  (  id = 1304 ) LIMIT 1 [ RunTime:0.000000s ]
[ sql ] [ SQL ] SHOW COLUMNS FROM `xh_bankcard` [ RunTime:0.006000s ]
[ sql ] [ SQL ] SELECT * FROM `xh_bankcard` WHERE  (  memberId=1304 ) LIMIT 1 [ RunTime:0.000000s ]
---------------------------------------------------------------
[ 2018-06-14T17:07:08+08:00 ] ::1 ::1 GET /feichangcelue/ucenter/home.html
[ info ] localhost:888/feichangcelue/ucenter/home.html [运行时间：0.092000s][吞吐率：10.87req/s] [内存消耗：3,162.12kb] [文件加载：61]
[ info ] [ CACHE ] INIT File
[ info ] [ LANG ] E:\DownloadSoftware\WWW\feichangcelue\thinkphp\lang\zh-cn.php
[ info ] [ ROUTE ] array (
  'type' => 'module',
  'module' => 
  array (
    0 => 'index',
    1 => 'ucenter',
    2 => 'home',
  ),
  'convert' => false,
)
[ info ] [ HEADER ] array (
  'host' => 'localhost:888',
  'connection' => 'keep-alive',
  'upgrade-insecure-requests' => '1',
  'user-agent' => 'Mozilla/5.0 (Linux; Android 6.0; Nexus 5 Build/MRA58N) AppleWebKit/537.36 (KHTML, like Gecko) Chrome/65.0.3325.181 Mobile Safari/537.36',
  'accept' => 'text/html,application/xhtml+xml,application/xml;q=0.9,image/webp,image/apng,*/*;q=0.8',
  'referer' => 'http://localhost:888/feichangcelue/',
  'accept-encoding' => 'gzip, deflate, br',
  'accept-language' => 'zh-CN,zh;q=0.9',
  'cookie' => 'Phpstorm-716cfd00=9e33e4ed-552c-4c41-9965-99ca56b64514; UM_distinctid=162a9ec99bd194-0c7414f5c5562-4446062d-144000-162a9ec99be867; CNZZDATA1263804910=503179565-1523269188-%7C1523269188; bdshare_firstime=1527066634311; ECS_ID=f61e786d7c00b7dcb924c10a6cdbd844c0988d22; ECS[visit_times]=1; PHPSESSID=brvod9k5qs1m9ad8k2qcan4ig5',
)
[ info ] [ PARAM ] array (
)
[ info ] [ BEHAVIOR ] Run app\common\behavior\Config @app_begin [ RunTime:0.000000s ]
[ info ] [ BEHAVIOR ] Run app\common\behavior\Hook @app_begin [ RunTime:0.005000s ]
[ info ] [ DB ] INIT mysql
[ info ] [ RUN ] app\index\controller\Ucenter->home[ E:\DownloadSoftware\WWW\feichangcelue\application\index\controller\Ucenter.php ]
[ info ] [ VIEW ] E:\DownloadSoftware\WWW\feichangcelue/application/index\view\ucenter\mobile\home.html [ array (
  0 => 'phone',
  1 => 'QQ',
  2 => 'usableSum',
  3 => 'member',
) ]
[ info ] [ LOG ] INIT File
[ sql ] [ DB ] CONNECT:[ UseTime:0.010000s ] mysql:dbname=feichangmoulue;host=127.0.0.1;port=3306;charset=utf8
[ sql ] [ SQL ] SHOW COLUMNS FROM `xh_member` [ RunTime:0.007000s ]
[ sql ] [ SQL ] SELECT `usableSum` FROM `xh_member` WHERE  (  id=1304 ) LIMIT 1 [ RunTime:0.001000s ]
[ sql ] [ SQL ] SELECT * FROM `xh_member` WHERE  (  id=1304 ) LIMIT 1 [ RunTime:0.000000s ]
---------------------------------------------------------------
[ 2018-06-14T17:07:11+08:00 ] ::1 ::1 GET /feichangcelue/ucenter/user_info.html
[ info ] localhost:888/feichangcelue/ucenter/user_info.html [运行时间：0.089000s][吞吐率：11.24req/s] [内存消耗：3,107.76kb] [文件加载：60]
[ info ] [ CACHE ] INIT File
[ info ] [ LANG ] E:\DownloadSoftware\WWW\feichangcelue\thinkphp\lang\zh-cn.php
[ info ] [ ROUTE ] array (
  'type' => 'module',
  'module' => 
  array (
    0 => 'index',
    1 => 'ucenter',
    2 => 'user_info',
  ),
  'convert' => false,
)
[ info ] [ HEADER ] array (
  'host' => 'localhost:888',
  'connection' => 'keep-alive',
  'upgrade-insecure-requests' => '1',
  'user-agent' => 'Mozilla/5.0 (Linux; Android 6.0; Nexus 5 Build/MRA58N) AppleWebKit/537.36 (KHTML, like Gecko) Chrome/65.0.3325.181 Mobile Safari/537.36',
  'accept' => 'text/html,application/xhtml+xml,application/xml;q=0.9,image/webp,image/apng,*/*;q=0.8',
  'referer' => 'http://localhost:888/feichangcelue/ucenter/home.html',
  'accept-encoding' => 'gzip, deflate, br',
  'accept-language' => 'zh-CN,zh;q=0.9',
  'cookie' => 'Phpstorm-716cfd00=9e33e4ed-552c-4c41-9965-99ca56b64514; UM_distinctid=162a9ec99bd194-0c7414f5c5562-4446062d-144000-162a9ec99be867; CNZZDATA1263804910=503179565-1523269188-%7C1523269188; bdshare_firstime=1527066634311; ECS_ID=f61e786d7c00b7dcb924c10a6cdbd844c0988d22; ECS[visit_times]=1; PHPSESSID=brvod9k5qs1m9ad8k2qcan4ig5',
)
[ info ] [ PARAM ] array (
)
[ info ] [ BEHAVIOR ] Run app\common\behavior\Config @app_begin [ RunTime:0.000000s ]
[ info ] [ BEHAVIOR ] Run app\common\behavior\Hook @app_begin [ RunTime:0.005000s ]
[ info ] [ DB ] INIT mysql
[ info ] [ RUN ] app\index\controller\Ucenter->user_info[ E:\DownloadSoftware\WWW\feichangcelue\application\index\controller\Ucenter.php ]
[ info ] [ VIEW ] E:\DownloadSoftware\WWW\feichangcelue/application/index\view\ucenter\mobile\user_info.html [ array (
  0 => 'phone',
  1 => 'QQ',
  2 => 'usableSum',
  3 => 'member',
  4 => 'IDNumber',
) ]
[ info ] [ LOG ] INIT File
[ sql ] [ DB ] CONNECT:[ UseTime:0.011000s ] mysql:dbname=feichangmoulue;host=127.0.0.1;port=3306;charset=utf8
[ sql ] [ SQL ] SHOW COLUMNS FROM `xh_member` [ RunTime:0.009000s ]
[ sql ] [ SQL ] SELECT `usableSum` FROM `xh_member` WHERE  (  id=1304 ) LIMIT 1 [ RunTime:0.001000s ]
[ sql ] [ SQL ] SELECT * FROM `xh_member` WHERE  (  id=1304 ) LIMIT 1 [ RunTime:0.000000s ]
[ sql ] [ SQL ] SELECT * FROM `xh_member` WHERE  (  id = 1304 ) LIMIT 1 [ RunTime:0.000000s ]
---------------------------------------------------------------
[ 2018-06-14T17:07:12+08:00 ] ::1 ::1 GET /feichangcelue/ucenter/real_name.html
[ info ] localhost:888/feichangcelue/ucenter/real_name.html [运行时间：0.072000s][吞吐率：13.89req/s] [内存消耗：3,162.28kb] [文件加载：61]
[ info ] [ CACHE ] INIT File
[ info ] [ LANG ] E:\DownloadSoftware\WWW\feichangcelue\thinkphp\lang\zh-cn.php
[ info ] [ ROUTE ] array (
  'type' => 'module',
  'module' => 
  array (
    0 => 'index',
    1 => 'ucenter',
    2 => 'real_name',
  ),
  'convert' => false,
)
[ info ] [ HEADER ] array (
  'host' => 'localhost:888',
  'connection' => 'keep-alive',
  'upgrade-insecure-requests' => '1',
  'user-agent' => 'Mozilla/5.0 (Linux; Android 6.0; Nexus 5 Build/MRA58N) AppleWebKit/537.36 (KHTML, like Gecko) Chrome/65.0.3325.181 Mobile Safari/537.36',
  'accept' => 'text/html,application/xhtml+xml,application/xml;q=0.9,image/webp,image/apng,*/*;q=0.8',
  'referer' => 'http://localhost:888/feichangcelue/ucenter/user_info.html',
  'accept-encoding' => 'gzip, deflate, br',
  'accept-language' => 'zh-CN,zh;q=0.9',
  'cookie' => 'Phpstorm-716cfd00=9e33e4ed-552c-4c41-9965-99ca56b64514; UM_distinctid=162a9ec99bd194-0c7414f5c5562-4446062d-144000-162a9ec99be867; CNZZDATA1263804910=503179565-1523269188-%7C1523269188; bdshare_firstime=1527066634311; ECS_ID=f61e786d7c00b7dcb924c10a6cdbd844c0988d22; ECS[visit_times]=1; PHPSESSID=brvod9k5qs1m9ad8k2qcan4ig5',
)
[ info ] [ PARAM ] array (
)
[ info ] [ BEHAVIOR ] Run app\common\behavior\Config @app_begin [ RunTime:0.001000s ]
[ info ] [ BEHAVIOR ] Run app\common\behavior\Hook @app_begin [ RunTime:0.004000s ]
[ info ] [ DB ] INIT mysql
[ info ] [ RUN ] app\index\controller\Ucenter->real_name[ E:\DownloadSoftware\WWW\feichangcelue\application\index\controller\Ucenter.php ]
[ info ] [ VIEW ] E:\DownloadSoftware\WWW\feichangcelue/application/index\view\ucenter\mobile\real_name.html [ array (
  0 => 'phone',
  1 => 'QQ',
  2 => 'usableSum',
  3 => 'member',
) ]
[ info ] [ LOG ] INIT File
[ sql ] [ DB ] CONNECT:[ UseTime:0.011000s ] mysql:dbname=feichangmoulue;host=127.0.0.1;port=3306;charset=utf8
[ sql ] [ SQL ] SHOW COLUMNS FROM `xh_member` [ RunTime:0.006000s ]
[ sql ] [ SQL ] SELECT `usableSum` FROM `xh_member` WHERE  (  id=1304 ) LIMIT 1 [ RunTime:0.000000s ]
[ sql ] [ SQL ] SELECT * FROM `xh_member` WHERE  (  id=1304 ) LIMIT 1 [ RunTime:0.001000s ]
---------------------------------------------------------------
[ 2018-06-14T17:07:15+08:00 ] ::1 ::1 GET /feichangcelue/ucenter/user_info.html
[ info ] localhost:888/feichangcelue/ucenter/user_info.html [运行时间：0.076000s][吞吐率：13.16req/s] [内存消耗：3,107.76kb] [文件加载：60]
[ info ] [ CACHE ] INIT File
[ info ] [ LANG ] E:\DownloadSoftware\WWW\feichangcelue\thinkphp\lang\zh-cn.php
[ info ] [ ROUTE ] array (
  'type' => 'module',
  'module' => 
  array (
    0 => 'index',
    1 => 'ucenter',
    2 => 'user_info',
  ),
  'convert' => false,
)
[ info ] [ HEADER ] array (
  'host' => 'localhost:888',
  'connection' => 'keep-alive',
  'upgrade-insecure-requests' => '1',
  'user-agent' => 'Mozilla/5.0 (Linux; Android 6.0; Nexus 5 Build/MRA58N) AppleWebKit/537.36 (KHTML, like Gecko) Chrome/65.0.3325.181 Mobile Safari/537.36',
  'accept' => 'text/html,application/xhtml+xml,application/xml;q=0.9,image/webp,image/apng,*/*;q=0.8',
  'referer' => 'http://localhost:888/feichangcelue/ucenter/home.html',
  'accept-encoding' => 'gzip, deflate, br',
  'accept-language' => 'zh-CN,zh;q=0.9',
  'cookie' => 'Phpstorm-716cfd00=9e33e4ed-552c-4c41-9965-99ca56b64514; UM_distinctid=162a9ec99bd194-0c7414f5c5562-4446062d-144000-162a9ec99be867; CNZZDATA1263804910=503179565-1523269188-%7C1523269188; bdshare_firstime=1527066634311; ECS_ID=f61e786d7c00b7dcb924c10a6cdbd844c0988d22; ECS[visit_times]=1; PHPSESSID=brvod9k5qs1m9ad8k2qcan4ig5',
)
[ info ] [ PARAM ] array (
)
[ info ] [ BEHAVIOR ] Run app\common\behavior\Config @app_begin [ RunTime:0.001000s ]
[ info ] [ BEHAVIOR ] Run app\common\behavior\Hook @app_begin [ RunTime:0.004000s ]
[ info ] [ DB ] INIT mysql
[ info ] [ RUN ] app\index\controller\Ucenter->user_info[ E:\DownloadSoftware\WWW\feichangcelue\application\index\controller\Ucenter.php ]
[ info ] [ VIEW ] E:\DownloadSoftware\WWW\feichangcelue/application/index\view\ucenter\mobile\user_info.html [ array (
  0 => 'phone',
  1 => 'QQ',
  2 => 'usableSum',
  3 => 'member',
  4 => 'IDNumber',
) ]
[ info ] [ LOG ] INIT File
[ sql ] [ DB ] CONNECT:[ UseTime:0.010000s ] mysql:dbname=feichangmoulue;host=127.0.0.1;port=3306;charset=utf8
[ sql ] [ SQL ] SHOW COLUMNS FROM `xh_member` [ RunTime:0.007000s ]
[ sql ] [ SQL ] SELECT `usableSum` FROM `xh_member` WHERE  (  id=1304 ) LIMIT 1 [ RunTime:0.001000s ]
[ sql ] [ SQL ] SELECT * FROM `xh_member` WHERE  (  id=1304 ) LIMIT 1 [ RunTime:0.001000s ]
[ sql ] [ SQL ] SELECT * FROM `xh_member` WHERE  (  id = 1304 ) LIMIT 1 [ RunTime:0.001000s ]
---------------------------------------------------------------
[ 2018-06-14T17:07:16+08:00 ] ::1 ::1 GET /feichangcelue/ucenter/home.html
[ info ] localhost:888/feichangcelue/ucenter/home.html [运行时间：0.085000s][吞吐率：11.76req/s] [内存消耗：3,162.12kb] [文件加载：61]
[ info ] [ CACHE ] INIT File
[ info ] [ LANG ] E:\DownloadSoftware\WWW\feichangcelue\thinkphp\lang\zh-cn.php
[ info ] [ ROUTE ] array (
  'type' => 'module',
  'module' => 
  array (
    0 => 'index',
    1 => 'ucenter',
    2 => 'home',
  ),
  'convert' => false,
)
[ info ] [ HEADER ] array (
  'host' => 'localhost:888',
  'connection' => 'keep-alive',
  'upgrade-insecure-requests' => '1',
  'user-agent' => 'Mozilla/5.0 (Linux; Android 6.0; Nexus 5 Build/MRA58N) AppleWebKit/537.36 (KHTML, like Gecko) Chrome/65.0.3325.181 Mobile Safari/537.36',
  'accept' => 'text/html,application/xhtml+xml,application/xml;q=0.9,image/webp,image/apng,*/*;q=0.8',
  'referer' => 'http://localhost:888/feichangcelue/',
  'accept-encoding' => 'gzip, deflate, br',
  'accept-language' => 'zh-CN,zh;q=0.9',
  'cookie' => 'Phpstorm-716cfd00=9e33e4ed-552c-4c41-9965-99ca56b64514; UM_distinctid=162a9ec99bd194-0c7414f5c5562-4446062d-144000-162a9ec99be867; CNZZDATA1263804910=503179565-1523269188-%7C1523269188; bdshare_firstime=1527066634311; ECS_ID=f61e786d7c00b7dcb924c10a6cdbd844c0988d22; ECS[visit_times]=1; PHPSESSID=brvod9k5qs1m9ad8k2qcan4ig5',
)
[ info ] [ PARAM ] array (
)
[ info ] [ BEHAVIOR ] Run app\common\behavior\Config @app_begin [ RunTime:0.000000s ]
[ info ] [ BEHAVIOR ] Run app\common\behavior\Hook @app_begin [ RunTime:0.005000s ]
[ info ] [ DB ] INIT mysql
[ info ] [ RUN ] app\index\controller\Ucenter->home[ E:\DownloadSoftware\WWW\feichangcelue\application\index\controller\Ucenter.php ]
[ info ] [ VIEW ] E:\DownloadSoftware\WWW\feichangcelue/application/index\view\ucenter\mobile\home.html [ array (
  0 => 'phone',
  1 => 'QQ',
  2 => 'usableSum',
  3 => 'member',
) ]
[ info ] [ LOG ] INIT File
[ sql ] [ DB ] CONNECT:[ UseTime:0.010000s ] mysql:dbname=feichangmoulue;host=127.0.0.1;port=3306;charset=utf8
[ sql ] [ SQL ] SHOW COLUMNS FROM `xh_member` [ RunTime:0.006000s ]
[ sql ] [ SQL ] SELECT `usableSum` FROM `xh_member` WHERE  (  id=1304 ) LIMIT 1 [ RunTime:0.000000s ]
[ sql ] [ SQL ] SELECT * FROM `xh_member` WHERE  (  id=1304 ) LIMIT 1 [ RunTime:0.001000s ]
---------------------------------------------------------------
[ 2018-06-14T17:07:18+08:00 ] ::1 ::1 GET /feichangcelue/logout.html
[ info ] localhost:888/feichangcelue/logout.html [运行时间：0.079000s][吞吐率：12.66req/s] [内存消耗：2,983.43kb] [文件加载：60]
[ info ] [ CACHE ] INIT File
[ info ] [ LANG ] E:\DownloadSoftware\WWW\feichangcelue\thinkphp\lang\zh-cn.php
[ info ] [ ROUTE ] array (
  'type' => 'module',
  'module' => 
  array (
    0 => 'index',
    1 => 'index',
    2 => 'logout',
  ),
  'convert' => false,
)
[ info ] [ HEADER ] array (
  'host' => 'localhost:888',
  'connection' => 'keep-alive',
  'upgrade-insecure-requests' => '1',
  'user-agent' => 'Mozilla/5.0 (Linux; Android 6.0; Nexus 5 Build/MRA58N) AppleWebKit/537.36 (KHTML, like Gecko) Chrome/65.0.3325.181 Mobile Safari/537.36',
  'accept' => 'text/html,application/xhtml+xml,application/xml;q=0.9,image/webp,image/apng,*/*;q=0.8',
  'referer' => 'http://localhost:888/feichangcelue/ucenter/home.html',
  'accept-encoding' => 'gzip, deflate, br',
  'accept-language' => 'zh-CN,zh;q=0.9',
  'cookie' => 'Phpstorm-716cfd00=9e33e4ed-552c-4c41-9965-99ca56b64514; UM_distinctid=162a9ec99bd194-0c7414f5c5562-4446062d-144000-162a9ec99be867; CNZZDATA1263804910=503179565-1523269188-%7C1523269188; bdshare_firstime=1527066634311; ECS_ID=f61e786d7c00b7dcb924c10a6cdbd844c0988d22; ECS[visit_times]=1; PHPSESSID=brvod9k5qs1m9ad8k2qcan4ig5',
)
[ info ] [ PARAM ] array (
)
[ info ] [ BEHAVIOR ] Run app\common\behavior\Config @app_begin [ RunTime:0.000000s ]
[ info ] [ BEHAVIOR ] Run app\common\behavior\Hook @app_begin [ RunTime:0.005000s ]
[ info ] [ DB ] INIT mysql
[ info ] [ RUN ] app\index\controller\Index->logout[ E:\DownloadSoftware\WWW\feichangcelue\application\index\controller\Index.php ]
[ info ] [ LOG ] INIT File
[ sql ] [ DB ] CONNECT:[ UseTime:0.010000s ] mysql:dbname=feichangmoulue;host=127.0.0.1;port=3306;charset=utf8
[ sql ] [ SQL ] SHOW COLUMNS FROM `xh_member` [ RunTime:0.007000s ]
[ sql ] [ SQL ] SELECT `usableSum` FROM `xh_member` WHERE  (  id=1304 ) LIMIT 1 [ RunTime:0.000000s ]
---------------------------------------------------------------
[ 2018-06-14T17:07:18+08:00 ] ::1 ::1 GET /feichangcelue/index.html
[ info ] localhost:888/feichangcelue/index.html [运行时间：0.269000s][吞吐率：3.72req/s] [内存消耗：3,188.71kb] [文件加载：65]
[ info ] [ CACHE ] INIT File
[ info ] [ LANG ] E:\DownloadSoftware\WWW\feichangcelue\thinkphp\lang\zh-cn.php
[ info ] [ ROUTE ] array (
  'type' => 'module',
  'module' => 
  array (
    0 => 'index',
    1 => 'index',
    2 => 'index',
  ),
  'convert' => false,
)
[ info ] [ HEADER ] array (
  'host' => 'localhost:888',
  'connection' => 'keep-alive',
  'upgrade-insecure-requests' => '1',
  'user-agent' => 'Mozilla/5.0 (Linux; Android 6.0; Nexus 5 Build/MRA58N) AppleWebKit/537.36 (KHTML, like Gecko) Chrome/65.0.3325.181 Mobile Safari/537.36',
  'accept' => 'text/html,application/xhtml+xml,application/xml;q=0.9,image/webp,image/apng,*/*;q=0.8',
  'referer' => 'http://localhost:888/feichangcelue/ucenter/home.html',
  'accept-encoding' => 'gzip, deflate, br',
  'accept-language' => 'zh-CN,zh;q=0.9',
  'cookie' => 'Phpstorm-716cfd00=9e33e4ed-552c-4c41-9965-99ca56b64514; UM_distinctid=162a9ec99bd194-0c7414f5c5562-4446062d-144000-162a9ec99be867; CNZZDATA1263804910=503179565-1523269188-%7C1523269188; bdshare_firstime=1527066634311; ECS_ID=f61e786d7c00b7dcb924c10a6cdbd844c0988d22; ECS[visit_times]=1; PHPSESSID=brvod9k5qs1m9ad8k2qcan4ig5',
)
[ info ] [ PARAM ] array (
)
[ info ] [ BEHAVIOR ] Run app\common\behavior\Config @app_begin [ RunTime:0.001000s ]
[ info ] [ BEHAVIOR ] Run app\common\behavior\Hook @app_begin [ RunTime:0.004000s ]
[ info ] [ RUN ] app\index\controller\Index->index[ E:\DownloadSoftware\WWW\feichangcelue\application\index\controller\Index.php ]
[ info ] [ DB ] INIT mysql
[ info ] [ VIEW ] E:\DownloadSoftware\WWW\feichangcelue/application/index\view\index\mobile\index.html [ array (
  0 => 'phone',
  1 => 'QQ',
  2 => 'count',
  3 => 'earnSum',
  4 => 'buyList',
) ]
[ info ] [ LOG ] INIT File
[ sql ] [ DB ] CONNECT:[ UseTime:0.010000s ] mysql:dbname=feichangmoulue;host=127.0.0.1;port=3306;charset=utf8
[ sql ] [ SQL ] select a.stockCode, c.`name` as stockName,  a.createTime, b.username,b.mobile
			from xh_stock_order as a, xh_member as b, xh_shares as c
			 WHERE isFreetrial=0 and a.memberId = b.id and a.stockCode=c.`code`
			order by a.id desc limit 7 [ RunTime:0.000000s ]
[ sql ] [ SQL ] SHOW COLUMNS FROM `xh_stock_order` [ RunTime:0.007000s ]
[ sql ] [ SQL ] SELECT COUNT(*) AS tp_count FROM `xh_stock_order` WHERE  (  isFreetrial=0 ) LIMIT 1 [ RunTime:0.001000s ]
[ sql ] [ SQL ] SELECT SUM((sellPrice - dealPrice) * dealQuantity * 100) AS tp_sum FROM `xh_stock_order` WHERE  (  isFreetrial=0 and status=2 and sellPrice - dealPrice > 0 ) LIMIT 1 [ RunTime:0.000000s ]
[ error ] [8]Trying to get property of non-object[E:\DownloadSoftware\WWW\feichangcelue\application\index\controller\Index.php:63]
---------------------------------------------------------------
[ 2018-06-14T17:07:18+08:00 ] ::1 ::1 GET /feichangcelue/public/stock/js/maps/swiper.jquery.min.js.map
[ info ] localhost:888/feichangcelue/public/stock/js/maps/swiper.jquery.min.js.map [运行时间：0.042000s][吞吐率：23.81req/s] [内存消耗：1,880.95kb] [文件加载：46]
[ info ] [ CACHE ] INIT File
[ info ] [ LANG ] E:\DownloadSoftware\WWW\feichangcelue\thinkphp\lang\zh-cn.php
[ info ] [ ROUTE ] array (
  'type' => 'module',
  'module' => 
  array (
    0 => 'public',
    1 => 'stock',
    2 => 'js',
  ),
)
[ info ] [ HEADER ] array (
  'host' => 'localhost:888',
  'connection' => 'keep-alive',
  'user-agent' => 'Mozilla/5.0 (Linux; Android 6.0; Nexus 5 Build/MRA58N) AppleWebKit/537.36 (KHTML, like Gecko) Chrome/65.0.3325.181 Mobile Safari/537.36',
  'accept-encoding' => 'gzip, deflate, br',
  'accept-language' => 'zh-CN,zh;q=0.9',
  'cookie' => 'Phpstorm-716cfd00=9e33e4ed-552c-4c41-9965-99ca56b64514; UM_distinctid=162a9ec99bd194-0c7414f5c5562-4446062d-144000-162a9ec99be867; CNZZDATA1263804910=503179565-1523269188-%7C1523269188; bdshare_firstime=1527066634311; ECS_ID=f61e786d7c00b7dcb924c10a6cdbd844c0988d22; ECS[visit_times]=1; PHPSESSID=brvod9k5qs1m9ad8k2qcan4ig5',
)
[ info ] [ PARAM ] array (
  'maps' => 'swiper.jquery.min.js.map',
)
[ info ] [ BEHAVIOR ] Run app\common\behavior\Config @app_begin [ RunTime:0.001000s ]
[ info ] [ BEHAVIOR ] Run app\common\behavior\Hook @app_begin [ RunTime:0.006000s ]
[ info ] [ LOG ] INIT File
---------------------------------------------------------------
[ 2018-06-14T17:07:20+08:00 ] ::1 ::1 GET /feichangcelue/ucenter/home.html
[ info ] localhost:888/feichangcelue/ucenter/home.html [运行时间：0.055000s][吞吐率：18.18req/s] [内存消耗：2,404.66kb] [文件加载：54]
[ info ] [ CACHE ] INIT File
[ info ] [ LANG ] E:\DownloadSoftware\WWW\feichangcelue\thinkphp\lang\zh-cn.php
[ info ] [ ROUTE ] array (
  'type' => 'module',
  'module' => 
  array (
    0 => 'index',
    1 => 'ucenter',
    2 => 'home',
  ),
  'convert' => false,
)
[ info ] [ HEADER ] array (
  'host' => 'localhost:888',
  'connection' => 'keep-alive',
  'upgrade-insecure-requests' => '1',
  'user-agent' => 'Mozilla/5.0 (Linux; Android 6.0; Nexus 5 Build/MRA58N) AppleWebKit/537.36 (KHTML, like Gecko) Chrome/65.0.3325.181 Mobile Safari/537.36',
  'accept' => 'text/html,application/xhtml+xml,application/xml;q=0.9,image/webp,image/apng,*/*;q=0.8',
  'referer' => 'http://localhost:888/feichangcelue/index.html',
  'accept-encoding' => 'gzip, deflate, br',
  'accept-language' => 'zh-CN,zh;q=0.9',
  'cookie' => 'Phpstorm-716cfd00=9e33e4ed-552c-4c41-9965-99ca56b64514; UM_distinctid=162a9ec99bd194-0c7414f5c5562-4446062d-144000-162a9ec99be867; CNZZDATA1263804910=503179565-1523269188-%7C1523269188; bdshare_firstime=1527066634311; ECS_ID=f61e786d7c00b7dcb924c10a6cdbd844c0988d22; ECS[visit_times]=1; PHPSESSID=brvod9k5qs1m9ad8k2qcan4ig5',
)
[ info ] [ PARAM ] array (
)
[ info ] [ BEHAVIOR ] Run app\common\behavior\Config @app_begin [ RunTime:0.001000s ]
[ info ] [ BEHAVIOR ] Run app\common\behavior\Hook @app_begin [ RunTime:0.004000s ]
[ info ] [ LOG ] INIT File
---------------------------------------------------------------
[ 2018-06-14T17:07:20+08:00 ] ::1 ::1 GET /feichangcelue/login.html
[ info ] localhost:888/feichangcelue/login.html [运行时间：0.042000s][吞吐率：23.81req/s] [内存消耗：2,327.50kb] [文件加载：55]
[ info ] [ CACHE ] INIT File
[ info ] [ LANG ] E:\DownloadSoftware\WWW\feichangcelue\thinkphp\lang\zh-cn.php
[ info ] [ ROUTE ] array (
  'type' => 'module',
  'module' => 
  array (
    0 => 'index',
    1 => 'index',
    2 => 'login',
  ),
  'convert' => false,
)
[ info ] [ HEADER ] array (
  'host' => 'localhost:888',
  'connection' => 'keep-alive',
  'upgrade-insecure-requests' => '1',
  'user-agent' => 'Mozilla/5.0 (Linux; Android 6.0; Nexus 5 Build/MRA58N) AppleWebKit/537.36 (KHTML, like Gecko) Chrome/65.0.3325.181 Mobile Safari/537.36',
  'accept' => 'text/html,application/xhtml+xml,application/xml;q=0.9,image/webp,image/apng,*/*;q=0.8',
  'referer' => 'http://localhost:888/feichangcelue/index.html',
  'accept-encoding' => 'gzip, deflate, br',
  'accept-language' => 'zh-CN,zh;q=0.9',
  'cookie' => 'Phpstorm-716cfd00=9e33e4ed-552c-4c41-9965-99ca56b64514; UM_distinctid=162a9ec99bd194-0c7414f5c5562-4446062d-144000-162a9ec99be867; CNZZDATA1263804910=503179565-1523269188-%7C1523269188; bdshare_firstime=1527066634311; ECS_ID=f61e786d7c00b7dcb924c10a6cdbd844c0988d22; ECS[visit_times]=1; PHPSESSID=brvod9k5qs1m9ad8k2qcan4ig5',
)
[ info ] [ PARAM ] array (
)
[ info ] [ BEHAVIOR ] Run app\common\behavior\Config @app_begin [ RunTime:0.000000s ]
[ info ] [ BEHAVIOR ] Run app\common\behavior\Hook @app_begin [ RunTime:0.004000s ]
[ info ] [ RUN ] app\index\controller\Index->login[ E:\DownloadSoftware\WWW\feichangcelue\application\index\controller\Index.php ]
[ info ] [ VIEW ] E:\DownloadSoftware\WWW\feichangcelue/application/index\view\index\mobile\login.html [ array (
  0 => 'phone',
  1 => 'QQ',
) ]
[ info ] [ LOG ] INIT File
---------------------------------------------------------------
[ 2018-06-14T17:07:25+08:00 ] ::1 ::1 POST /feichangcelue/doLogin.html
[ info ] localhost:888/feichangcelue/doLogin.html [运行时间：0.090000s][吞吐率：11.11req/s] [内存消耗：3,027.58kb] [文件加载：61]
[ info ] [ CACHE ] INIT File
[ info ] [ LANG ] E:\DownloadSoftware\WWW\feichangcelue\thinkphp\lang\zh-cn.php
[ info ] [ ROUTE ] array (
  'type' => 'module',
  'module' => 
  array (
    0 => 'index',
    1 => 'index',
    2 => 'doLogin',
  ),
  'convert' => false,
)
[ info ] [ HEADER ] array (
  'host' => 'localhost:888',
  'connection' => 'keep-alive',
  'content-length' => '29',
  'cache-control' => 'max-age=0',
  'origin' => 'http://localhost:888',
  'upgrade-insecure-requests' => '1',
  'content-type' => 'application/x-www-form-urlencoded',
  'user-agent' => 'Mozilla/5.0 (Linux; Android 6.0; Nexus 5 Build/MRA58N) AppleWebKit/537.36 (KHTML, like Gecko) Chrome/65.0.3325.181 Mobile Safari/537.36',
  'accept' => 'text/html,application/xhtml+xml,application/xml;q=0.9,image/webp,image/apng,*/*;q=0.8',
  'referer' => 'http://localhost:888/feichangcelue/login.html',
  'accept-encoding' => 'gzip, deflate, br',
  'accept-language' => 'zh-CN,zh;q=0.9',
  'cookie' => 'Phpstorm-716cfd00=9e33e4ed-552c-4c41-9965-99ca56b64514; UM_distinctid=162a9ec99bd194-0c7414f5c5562-4446062d-144000-162a9ec99be867; CNZZDATA1263804910=503179565-1523269188-%7C1523269188; bdshare_firstime=1527066634311; ECS_ID=f61e786d7c00b7dcb924c10a6cdbd844c0988d22; ECS[visit_times]=1; PHPSESSID=brvod9k5qs1m9ad8k2qcan4ig5',
)
[ info ] [ PARAM ] array (
  'nick_name' => 'tk',
  'login_pwd' => '123456',
)
[ info ] [ BEHAVIOR ] Run app\common\behavior\Config @app_begin [ RunTime:0.001000s ]
[ info ] [ BEHAVIOR ] Run app\common\behavior\Hook @app_begin [ RunTime:0.006000s ]
[ info ] [ RUN ] app\index\controller\Index->doLogin[ E:\DownloadSoftware\WWW\feichangcelue\application\index\controller\Index.php ]
[ info ] [ DB ] INIT mysql
[ info ] [ VIEW ] E:\DownloadSoftware\WWW\feichangcelue/application/admin/view/dispatch_jump.tpl [ array (
  0 => 'phone',
  1 => 'QQ',
  2 => 'code',
  3 => 'msg',
  4 => 'data',
  5 => 'url',
  6 => 'wait',
) ]
[ info ] [ LOG ] INIT File
[ sql ] [ DB ] CONNECT:[ UseTime:0.010000s ] mysql:dbname=feichangmoulue;host=127.0.0.1;port=3306;charset=utf8
[ sql ] [ SQL ] SHOW COLUMNS FROM `xh_member` [ RunTime:0.007000s ]
[ sql ] [ SQL ] SELECT * FROM `xh_member` WHERE  (  username='tk' or mobile = 'tk' ) LIMIT 1 [ RunTime:0.001000s ]
---------------------------------------------------------------
[ 2018-06-14T17:07:28+08:00 ] ::1 ::1 GET /feichangcelue/
[ info ] localhost:888/feichangcelue/ [运行时间：0.277000s][吞吐率：3.61req/s] [内存消耗：3,202.26kb] [文件加载：65]
[ info ] [ CACHE ] INIT File
[ info ] [ LANG ] E:\DownloadSoftware\WWW\feichangcelue\thinkphp\lang\zh-cn.php
[ info ] [ ROUTE ] array (
  'type' => 'module',
  'module' => 
  array (
    0 => '',
    1 => NULL,
    2 => NULL,
  ),
)
[ info ] [ HEADER ] array (
  'host' => 'localhost:888',
  'connection' => 'keep-alive',
  'upgrade-insecure-requests' => '1',
  'user-agent' => 'Mozilla/5.0 (Linux; Android 6.0; Nexus 5 Build/MRA58N) AppleWebKit/537.36 (KHTML, like Gecko) Chrome/65.0.3325.181 Mobile Safari/537.36',
  'accept' => 'text/html,application/xhtml+xml,application/xml;q=0.9,image/webp,image/apng,*/*;q=0.8',
  'referer' => 'http://localhost:888/feichangcelue/doLogin.html',
  'accept-encoding' => 'gzip, deflate, br',
  'accept-language' => 'zh-CN,zh;q=0.9',
  'cookie' => 'Phpstorm-716cfd00=9e33e4ed-552c-4c41-9965-99ca56b64514; UM_distinctid=162a9ec99bd194-0c7414f5c5562-4446062d-144000-162a9ec99be867; CNZZDATA1263804910=503179565-1523269188-%7C1523269188; bdshare_firstime=1527066634311; ECS_ID=f61e786d7c00b7dcb924c10a6cdbd844c0988d22; ECS[visit_times]=1; PHPSESSID=brvod9k5qs1m9ad8k2qcan4ig5',
)
[ info ] [ PARAM ] array (
)
[ info ] [ BEHAVIOR ] Run app\common\behavior\Config @app_begin [ RunTime:0.001000s ]
[ info ] [ BEHAVIOR ] Run app\common\behavior\Hook @app_begin [ RunTime:0.004000s ]
[ info ] [ DB ] INIT mysql
[ info ] [ RUN ] app\index\controller\Index->index[ E:\DownloadSoftware\WWW\feichangcelue\application\index\controller\Index.php ]
[ info ] [ VIEW ] E:\DownloadSoftware\WWW\feichangcelue/application/index\view\index\mobile\index.html [ array (
  0 => 'phone',
  1 => 'QQ',
  2 => 'usableSum',
  3 => 'count',
  4 => 'earnSum',
  5 => 'buyList',
) ]
[ info ] [ LOG ] INIT File
[ sql ] [ DB ] CONNECT:[ UseTime:0.011000s ] mysql:dbname=feichangmoulue;host=127.0.0.1;port=3306;charset=utf8
[ sql ] [ SQL ] SHOW COLUMNS FROM `xh_member` [ RunTime:0.007000s ]
[ sql ] [ SQL ] SELECT `usableSum` FROM `xh_member` WHERE  (  id=1304 ) LIMIT 1 [ RunTime:0.000000s ]
[ sql ] [ SQL ] select a.stockCode, c.`name` as stockName,  a.createTime, b.username,b.mobile
			from xh_stock_order as a, xh_member as b, xh_shares as c
			 WHERE isFreetrial=0 and a.memberId = b.id and a.stockCode=c.`code`
			order by a.id desc limit 7 [ RunTime:0.001000s ]
[ sql ] [ SQL ] SHOW COLUMNS FROM `xh_stock_order` [ RunTime:0.006000s ]
[ sql ] [ SQL ] SELECT COUNT(*) AS tp_count FROM `xh_stock_order` WHERE  (  isFreetrial=0 ) LIMIT 1 [ RunTime:0.000000s ]
[ sql ] [ SQL ] SELECT SUM((sellPrice - dealPrice) * dealQuantity * 100) AS tp_sum FROM `xh_stock_order` WHERE  (  isFreetrial=0 and status=2 and sellPrice - dealPrice > 0 ) LIMIT 1 [ RunTime:0.000000s ]
[ sql ] [ SQL ] SELECT `usableSum` FROM `xh_member` WHERE  (  id=1304 ) LIMIT 1 [ RunTime:0.000000s ]
[ error ] [8]Trying to get property of non-object[E:\DownloadSoftware\WWW\feichangcelue\application\index\controller\Index.php:63]
---------------------------------------------------------------
[ 2018-06-14T17:07:28+08:00 ] ::1 ::1 GET /feichangcelue/public/stock/js/maps/swiper.jquery.min.js.map
[ info ] localhost:888/feichangcelue/public/stock/js/maps/swiper.jquery.min.js.map [运行时间：0.038000s][吞吐率：26.32req/s] [内存消耗：1,880.95kb] [文件加载：46]
[ info ] [ CACHE ] INIT File
[ info ] [ LANG ] E:\DownloadSoftware\WWW\feichangcelue\thinkphp\lang\zh-cn.php
[ info ] [ ROUTE ] array (
  'type' => 'module',
  'module' => 
  array (
    0 => 'public',
    1 => 'stock',
    2 => 'js',
  ),
)
[ info ] [ HEADER ] array (
  'host' => 'localhost:888',
  'connection' => 'keep-alive',
  'user-agent' => 'Mozilla/5.0 (Linux; Android 6.0; Nexus 5 Build/MRA58N) AppleWebKit/537.36 (KHTML, like Gecko) Chrome/65.0.3325.181 Mobile Safari/537.36',
  'accept-encoding' => 'gzip, deflate, br',
  'accept-language' => 'zh-CN,zh;q=0.9',
  'cookie' => 'Phpstorm-716cfd00=9e33e4ed-552c-4c41-9965-99ca56b64514; UM_distinctid=162a9ec99bd194-0c7414f5c5562-4446062d-144000-162a9ec99be867; CNZZDATA1263804910=503179565-1523269188-%7C1523269188; bdshare_firstime=1527066634311; ECS_ID=f61e786d7c00b7dcb924c10a6cdbd844c0988d22; ECS[visit_times]=1; PHPSESSID=brvod9k5qs1m9ad8k2qcan4ig5',
)
[ info ] [ PARAM ] array (
  'maps' => 'swiper.jquery.min.js.map',
)
[ info ] [ BEHAVIOR ] Run app\common\behavior\Config @app_begin [ RunTime:0.000000s ]
[ info ] [ BEHAVIOR ] Run app\common\behavior\Hook @app_begin [ RunTime:0.004000s ]
[ info ] [ LOG ] INIT File
---------------------------------------------------------------
[ 2018-06-14T17:07:33+08:00 ] ::1 ::1 GET /feichangcelue/ucenter/home.html
[ info ] localhost:888/feichangcelue/ucenter/home.html [运行时间：0.083000s][吞吐率：12.05req/s] [内存消耗：3,162.12kb] [文件加载：61]
[ info ] [ CACHE ] INIT File
[ info ] [ LANG ] E:\DownloadSoftware\WWW\feichangcelue\thinkphp\lang\zh-cn.php
[ info ] [ ROUTE ] array (
  'type' => 'module',
  'module' => 
  array (
    0 => 'index',
    1 => 'ucenter',
    2 => 'home',
  ),
  'convert' => false,
)
[ info ] [ HEADER ] array (
  'host' => 'localhost:888',
  'connection' => 'keep-alive',
  'upgrade-insecure-requests' => '1',
  'user-agent' => 'Mozilla/5.0 (Linux; Android 6.0; Nexus 5 Build/MRA58N) AppleWebKit/537.36 (KHTML, like Gecko) Chrome/65.0.3325.181 Mobile Safari/537.36',
  'accept' => 'text/html,application/xhtml+xml,application/xml;q=0.9,image/webp,image/apng,*/*;q=0.8',
  'referer' => 'http://localhost:888/feichangcelue/',
  'accept-encoding' => 'gzip, deflate, br',
  'accept-language' => 'zh-CN,zh;q=0.9',
  'cookie' => 'Phpstorm-716cfd00=9e33e4ed-552c-4c41-9965-99ca56b64514; UM_distinctid=162a9ec99bd194-0c7414f5c5562-4446062d-144000-162a9ec99be867; CNZZDATA1263804910=503179565-1523269188-%7C1523269188; bdshare_firstime=1527066634311; ECS_ID=f61e786d7c00b7dcb924c10a6cdbd844c0988d22; ECS[visit_times]=1; PHPSESSID=brvod9k5qs1m9ad8k2qcan4ig5',
)
[ info ] [ PARAM ] array (
)
[ info ] [ BEHAVIOR ] Run app\common\behavior\Config @app_begin [ RunTime:0.001000s ]
[ info ] [ BEHAVIOR ] Run app\common\behavior\Hook @app_begin [ RunTime:0.005000s ]
[ info ] [ DB ] INIT mysql
[ info ] [ RUN ] app\index\controller\Ucenter->home[ E:\DownloadSoftware\WWW\feichangcelue\application\index\controller\Ucenter.php ]
[ info ] [ VIEW ] E:\DownloadSoftware\WWW\feichangcelue/application/index\view\ucenter\mobile\home.html [ array (
  0 => 'phone',
  1 => 'QQ',
  2 => 'usableSum',
  3 => 'member',
) ]
[ info ] [ LOG ] INIT File
[ sql ] [ DB ] CONNECT:[ UseTime:0.001000s ] mysql:dbname=feichangmoulue;host=127.0.0.1;port=3306;charset=utf8
[ sql ] [ SQL ] SHOW COLUMNS FROM `xh_member` [ RunTime:0.006000s ]
[ sql ] [ SQL ] SELECT `usableSum` FROM `xh_member` WHERE  (  id=1304 ) LIMIT 1 [ RunTime:0.000000s ]
[ sql ] [ SQL ] SELECT * FROM `xh_member` WHERE  (  id=1304 ) LIMIT 1 [ RunTime:0.001000s ]
---------------------------------------------------------------
[ 2018-06-14T17:07:35+08:00 ] ::1 ::1 GET /feichangcelue/ucenter/user_info.html
[ info ] localhost:888/feichangcelue/ucenter/user_info.html [运行时间：0.091000s][吞吐率：10.99req/s] [内存消耗：3,107.76kb] [文件加载：60]
[ info ] [ CACHE ] INIT File
[ info ] [ LANG ] E:\DownloadSoftware\WWW\feichangcelue\thinkphp\lang\zh-cn.php
[ info ] [ ROUTE ] array (
  'type' => 'module',
  'module' => 
  array (
    0 => 'index',
    1 => 'ucenter',
    2 => 'user_info',
  ),
  'convert' => false,
)
[ info ] [ HEADER ] array (
  'host' => 'localhost:888',
  'connection' => 'keep-alive',
  'upgrade-insecure-requests' => '1',
  'user-agent' => 'Mozilla/5.0 (Linux; Android 6.0; Nexus 5 Build/MRA58N) AppleWebKit/537.36 (KHTML, like Gecko) Chrome/65.0.3325.181 Mobile Safari/537.36',
  'accept' => 'text/html,application/xhtml+xml,application/xml;q=0.9,image/webp,image/apng,*/*;q=0.8',
  'referer' => 'http://localhost:888/feichangcelue/ucenter/home.html',
  'accept-encoding' => 'gzip, deflate, br',
  'accept-language' => 'zh-CN,zh;q=0.9',
  'cookie' => 'Phpstorm-716cfd00=9e33e4ed-552c-4c41-9965-99ca56b64514; UM_distinctid=162a9ec99bd194-0c7414f5c5562-4446062d-144000-162a9ec99be867; CNZZDATA1263804910=503179565-1523269188-%7C1523269188; bdshare_firstime=1527066634311; ECS_ID=f61e786d7c00b7dcb924c10a6cdbd844c0988d22; ECS[visit_times]=1; PHPSESSID=brvod9k5qs1m9ad8k2qcan4ig5',
)
[ info ] [ PARAM ] array (
)
[ info ] [ BEHAVIOR ] Run app\common\behavior\Config @app_begin [ RunTime:0.001000s ]
[ info ] [ BEHAVIOR ] Run app\common\behavior\Hook @app_begin [ RunTime:0.004000s ]
[ info ] [ DB ] INIT mysql
[ info ] [ RUN ] app\index\controller\Ucenter->user_info[ E:\DownloadSoftware\WWW\feichangcelue\application\index\controller\Ucenter.php ]
[ info ] [ VIEW ] E:\DownloadSoftware\WWW\feichangcelue/application/index\view\ucenter\mobile\user_info.html [ array (
  0 => 'phone',
  1 => 'QQ',
  2 => 'usableSum',
  3 => 'member',
  4 => 'IDNumber',
) ]
[ info ] [ LOG ] INIT File
[ sql ] [ DB ] CONNECT:[ UseTime:0.011000s ] mysql:dbname=feichangmoulue;host=127.0.0.1;port=3306;charset=utf8
[ sql ] [ SQL ] SHOW COLUMNS FROM `xh_member` [ RunTime:0.007000s ]
[ sql ] [ SQL ] SELECT `usableSum` FROM `xh_member` WHERE  (  id=1304 ) LIMIT 1 [ RunTime:0.001000s ]
[ sql ] [ SQL ] SELECT * FROM `xh_member` WHERE  (  id=1304 ) LIMIT 1 [ RunTime:0.001000s ]
[ sql ] [ SQL ] SELECT * FROM `xh_member` WHERE  (  id = 1304 ) LIMIT 1 [ RunTime:0.000000s ]
---------------------------------------------------------------
[ 2018-06-14T17:07:39+08:00 ] ::1 ::1 GET /feichangcelue/ucenter/home.html
[ info ] localhost:888/feichangcelue/ucenter/home.html [运行时间：0.073000s][吞吐率：13.70req/s] [内存消耗：3,162.12kb] [文件加载：61]
[ info ] [ CACHE ] INIT File
[ info ] [ LANG ] E:\DownloadSoftware\WWW\feichangcelue\thinkphp\lang\zh-cn.php
[ info ] [ ROUTE ] array (
  'type' => 'module',
  'module' => 
  array (
    0 => 'index',
    1 => 'ucenter',
    2 => 'home',
  ),
  'convert' => false,
)
[ info ] [ HEADER ] array (
  'host' => 'localhost:888',
  'connection' => 'keep-alive',
  'upgrade-insecure-requests' => '1',
  'user-agent' => 'Mozilla/5.0 (Linux; Android 6.0; Nexus 5 Build/MRA58N) AppleWebKit/537.36 (KHTML, like Gecko) Chrome/65.0.3325.181 Mobile Safari/537.36',
  'accept' => 'text/html,application/xhtml+xml,application/xml;q=0.9,image/webp,image/apng,*/*;q=0.8',
  'referer' => 'http://localhost:888/feichangcelue/',
  'accept-encoding' => 'gzip, deflate, br',
  'accept-language' => 'zh-CN,zh;q=0.9',
  'cookie' => 'Phpstorm-716cfd00=9e33e4ed-552c-4c41-9965-99ca56b64514; UM_distinctid=162a9ec99bd194-0c7414f5c5562-4446062d-144000-162a9ec99be867; CNZZDATA1263804910=503179565-1523269188-%7C1523269188; bdshare_firstime=1527066634311; ECS_ID=f61e786d7c00b7dcb924c10a6cdbd844c0988d22; ECS[visit_times]=1; PHPSESSID=brvod9k5qs1m9ad8k2qcan4ig5',
)
[ info ] [ PARAM ] array (
)
[ info ] [ BEHAVIOR ] Run app\common\behavior\Config @app_begin [ RunTime:0.001000s ]
[ info ] [ BEHAVIOR ] Run app\common\behavior\Hook @app_begin [ RunTime:0.004000s ]
[ info ] [ DB ] INIT mysql
[ info ] [ RUN ] app\index\controller\Ucenter->home[ E:\DownloadSoftware\WWW\feichangcelue\application\index\controller\Ucenter.php ]
[ info ] [ VIEW ] E:\DownloadSoftware\WWW\feichangcelue/application/index\view\ucenter\mobile\home.html [ array (
  0 => 'phone',
  1 => 'QQ',
  2 => 'usableSum',
  3 => 'member',
) ]
[ info ] [ LOG ] INIT File
[ sql ] [ DB ] CONNECT:[ UseTime:0.010000s ] mysql:dbname=feichangmoulue;host=127.0.0.1;port=3306;charset=utf8
[ sql ] [ SQL ] SHOW COLUMNS FROM `xh_member` [ RunTime:0.007000s ]
[ sql ] [ SQL ] SELECT `usableSum` FROM `xh_member` WHERE  (  id=1304 ) LIMIT 1 [ RunTime:0.001000s ]
[ sql ] [ SQL ] SELECT * FROM `xh_member` WHERE  (  id=1304 ) LIMIT 1 [ RunTime:0.000000s ]
---------------------------------------------------------------
[ 2018-06-14T17:07:41+08:00 ] ::1 ::1 GET /feichangcelue/ucenter/bankcards.html
[ info ] localhost:888/feichangcelue/ucenter/bankcards.html [运行时间：0.098000s][吞吐率：10.20req/s] [内存消耗：3,115.02kb] [文件加载：60]
[ info ] [ CACHE ] INIT File
[ info ] [ LANG ] E:\DownloadSoftware\WWW\feichangcelue\thinkphp\lang\zh-cn.php
[ info ] [ ROUTE ] array (
  'type' => 'module',
  'module' => 
  array (
    0 => 'index',
    1 => 'ucenter',
    2 => 'bankcards',
  ),
  'convert' => false,
)
[ info ] [ HEADER ] array (
  'host' => 'localhost:888',
  'connection' => 'keep-alive',
  'upgrade-insecure-requests' => '1',
  'user-agent' => 'Mozilla/5.0 (Linux; Android 6.0; Nexus 5 Build/MRA58N) AppleWebKit/537.36 (KHTML, like Gecko) Chrome/65.0.3325.181 Mobile Safari/537.36',
  'accept' => 'text/html,application/xhtml+xml,application/xml;q=0.9,image/webp,image/apng,*/*;q=0.8',
  'referer' => 'http://localhost:888/feichangcelue/ucenter/home.html',
  'accept-encoding' => 'gzip, deflate, br',
  'accept-language' => 'zh-CN,zh;q=0.9',
  'cookie' => 'Phpstorm-716cfd00=9e33e4ed-552c-4c41-9965-99ca56b64514; UM_distinctid=162a9ec99bd194-0c7414f5c5562-4446062d-144000-162a9ec99be867; CNZZDATA1263804910=503179565-1523269188-%7C1523269188; bdshare_firstime=1527066634311; ECS_ID=f61e786d7c00b7dcb924c10a6cdbd844c0988d22; ECS[visit_times]=1; PHPSESSID=brvod9k5qs1m9ad8k2qcan4ig5',
)
[ info ] [ PARAM ] array (
)
[ info ] [ BEHAVIOR ] Run app\common\behavior\Config @app_begin [ RunTime:0.001000s ]
[ info ] [ BEHAVIOR ] Run app\common\behavior\Hook @app_begin [ RunTime:0.006000s ]
[ info ] [ DB ] INIT mysql
[ info ] [ RUN ] app\index\controller\Ucenter->bankcards[ E:\DownloadSoftware\WWW\feichangcelue\application\index\controller\Ucenter.php ]
[ info ] [ VIEW ] E:\DownloadSoftware\WWW\feichangcelue/application/index\view\ucenter\mobile\bankcard.html [ array (
  0 => 'phone',
  1 => 'QQ',
  2 => 'usableSum',
  3 => 'member',
  4 => 'realName',
  5 => 'bankcard',
  6 => 'cardEndNO',
) ]
[ info ] [ LOG ] INIT File
[ sql ] [ DB ] CONNECT:[ UseTime:0.010000s ] mysql:dbname=feichangmoulue;host=127.0.0.1;port=3306;charset=utf8
[ sql ] [ SQL ] SHOW COLUMNS FROM `xh_member` [ RunTime:0.005000s ]
[ sql ] [ SQL ] SELECT `usableSum` FROM `xh_member` WHERE  (  id=1304 ) LIMIT 1 [ RunTime:0.000000s ]
[ sql ] [ SQL ] SELECT * FROM `xh_member` WHERE  (  id=1304 ) LIMIT 1 [ RunTime:0.000000s ]
[ sql ] [ SQL ] SELECT * FROM `xh_member` WHERE  (  id = 1304 ) LIMIT 1 [ RunTime:0.000000s ]
[ sql ] [ SQL ] SHOW COLUMNS FROM `xh_bankcard` [ RunTime:0.005000s ]
[ sql ] [ SQL ] SELECT * FROM `xh_bankcard` WHERE  (  memberId=1304 ) LIMIT 1 [ RunTime:0.000000s ]
---------------------------------------------------------------
[ 2018-06-14T17:07:45+08:00 ] ::1 ::1 GET /feichangcelue/ucenter/add_bankcard.html
[ info ] localhost:888/feichangcelue/ucenter/add_bankcard.html [运行时间：0.095000s][吞吐率：10.53req/s] [内存消耗：3,112.08kb] [文件加载：60]
[ info ] [ CACHE ] INIT File
[ info ] [ LANG ] E:\DownloadSoftware\WWW\feichangcelue\thinkphp\lang\zh-cn.php
[ info ] [ ROUTE ] array (
  'type' => 'module',
  'module' => 
  array (
    0 => 'index',
    1 => 'ucenter',
    2 => 'add_bankcard',
  ),
  'convert' => false,
)
[ info ] [ HEADER ] array (
  'host' => 'localhost:888',
  'connection' => 'keep-alive',
  'upgrade-insecure-requests' => '1',
  'user-agent' => 'Mozilla/5.0 (Linux; Android 6.0; Nexus 5 Build/MRA58N) AppleWebKit/537.36 (KHTML, like Gecko) Chrome/65.0.3325.181 Mobile Safari/537.36',
  'accept' => 'text/html,application/xhtml+xml,application/xml;q=0.9,image/webp,image/apng,*/*;q=0.8',
  'referer' => 'http://localhost:888/feichangcelue/ucenter/bankcards.html',
  'accept-encoding' => 'gzip, deflate, br',
  'accept-language' => 'zh-CN,zh;q=0.9',
  'cookie' => 'Phpstorm-716cfd00=9e33e4ed-552c-4c41-9965-99ca56b64514; UM_distinctid=162a9ec99bd194-0c7414f5c5562-4446062d-144000-162a9ec99be867; CNZZDATA1263804910=503179565-1523269188-%7C1523269188; bdshare_firstime=1527066634311; ECS_ID=f61e786d7c00b7dcb924c10a6cdbd844c0988d22; ECS[visit_times]=1; PHPSESSID=brvod9k5qs1m9ad8k2qcan4ig5',
)
[ info ] [ PARAM ] array (
)
[ info ] [ BEHAVIOR ] Run app\common\behavior\Config @app_begin [ RunTime:0.000000s ]
[ info ] [ BEHAVIOR ] Run app\common\behavior\Hook @app_begin [ RunTime:0.006000s ]
[ info ] [ DB ] INIT mysql
[ info ] [ RUN ] app\index\controller\Ucenter->add_bankcard[ E:\DownloadSoftware\WWW\feichangcelue\application\index\controller\Ucenter.php ]
[ info ] [ VIEW ] E:\DownloadSoftware\WWW\feichangcelue/application/index\view\ucenter\mobile\add_bankcard.html [ array (
  0 => 'phone',
  1 => 'QQ',
  2 => 'usableSum',
  3 => 'member',
  4 => 'realName',
  5 => 'bankcard',
  6 => 'cardEndNO',
) ]
[ info ] [ LOG ] INIT File
[ sql ] [ DB ] CONNECT:[ UseTime:0.010000s ] mysql:dbname=feichangmoulue;host=127.0.0.1;port=3306;charset=utf8
[ sql ] [ SQL ] SHOW COLUMNS FROM `xh_member` [ RunTime:0.007000s ]
[ sql ] [ SQL ] SELECT `usableSum` FROM `xh_member` WHERE  (  id=1304 ) LIMIT 1 [ RunTime:0.000000s ]
[ sql ] [ SQL ] SELECT * FROM `xh_member` WHERE  (  id=1304 ) LIMIT 1 [ RunTime:0.000000s ]
[ sql ] [ SQL ] SELECT * FROM `xh_member` WHERE  (  id = 1304 ) LIMIT 1 [ RunTime:0.001000s ]
[ sql ] [ SQL ] SHOW COLUMNS FROM `xh_bankcard` [ RunTime:0.006000s ]
[ sql ] [ SQL ] SELECT * FROM `xh_bankcard` WHERE  (  memberId=1304 ) LIMIT 1 [ RunTime:0.000000s ]
---------------------------------------------------------------
[ 2018-06-14T17:07:46+08:00 ] ::1 ::1 GET /feichangcelue/ucenter/bankcards.html
[ info ] localhost:888/feichangcelue/ucenter/bankcards.html [运行时间：0.085000s][吞吐率：11.76req/s] [内存消耗：3,115.02kb] [文件加载：60]
[ info ] [ CACHE ] INIT File
[ info ] [ LANG ] E:\DownloadSoftware\WWW\feichangcelue\thinkphp\lang\zh-cn.php
[ info ] [ ROUTE ] array (
  'type' => 'module',
  'module' => 
  array (
    0 => 'index',
    1 => 'ucenter',
    2 => 'bankcards',
  ),
  'convert' => false,
)
[ info ] [ HEADER ] array (
  'host' => 'localhost:888',
  'connection' => 'keep-alive',
  'upgrade-insecure-requests' => '1',
  'user-agent' => 'Mozilla/5.0 (Linux; Android 6.0; Nexus 5 Build/MRA58N) AppleWebKit/537.36 (KHTML, like Gecko) Chrome/65.0.3325.181 Mobile Safari/537.36',
  'accept' => 'text/html,application/xhtml+xml,application/xml;q=0.9,image/webp,image/apng,*/*;q=0.8',
  'referer' => 'http://localhost:888/feichangcelue/ucenter/home.html',
  'accept-encoding' => 'gzip, deflate, br',
  'accept-language' => 'zh-CN,zh;q=0.9',
  'cookie' => 'Phpstorm-716cfd00=9e33e4ed-552c-4c41-9965-99ca56b64514; UM_distinctid=162a9ec99bd194-0c7414f5c5562-4446062d-144000-162a9ec99be867; CNZZDATA1263804910=503179565-1523269188-%7C1523269188; bdshare_firstime=1527066634311; ECS_ID=f61e786d7c00b7dcb924c10a6cdbd844c0988d22; ECS[visit_times]=1; PHPSESSID=brvod9k5qs1m9ad8k2qcan4ig5',
)
[ info ] [ PARAM ] array (
)
[ info ] [ BEHAVIOR ] Run app\common\behavior\Config @app_begin [ RunTime:0.000000s ]
[ info ] [ BEHAVIOR ] Run app\common\behavior\Hook @app_begin [ RunTime:0.005000s ]
[ info ] [ DB ] INIT mysql
[ info ] [ RUN ] app\index\controller\Ucenter->bankcards[ E:\DownloadSoftware\WWW\feichangcelue\application\index\controller\Ucenter.php ]
[ info ] [ VIEW ] E:\DownloadSoftware\WWW\feichangcelue/application/index\view\ucenter\mobile\bankcard.html [ array (
  0 => 'phone',
  1 => 'QQ',
  2 => 'usableSum',
  3 => 'member',
  4 => 'realName',
  5 => 'bankcard',
  6 => 'cardEndNO',
) ]
[ info ] [ LOG ] INIT File
[ sql ] [ DB ] CONNECT:[ UseTime:0.010000s ] mysql:dbname=feichangmoulue;host=127.0.0.1;port=3306;charset=utf8
[ sql ] [ SQL ] SHOW COLUMNS FROM `xh_member` [ RunTime:0.006000s ]
[ sql ] [ SQL ] SELECT `usableSum` FROM `xh_member` WHERE  (  id=1304 ) LIMIT 1 [ RunTime:0.000000s ]
[ sql ] [ SQL ] SELECT * FROM `xh_member` WHERE  (  id=1304 ) LIMIT 1 [ RunTime:0.000000s ]
[ sql ] [ SQL ] SELECT * FROM `xh_member` WHERE  (  id = 1304 ) LIMIT 1 [ RunTime:0.001000s ]
[ sql ] [ SQL ] SHOW COLUMNS FROM `xh_bankcard` [ RunTime:0.007000s ]
[ sql ] [ SQL ] SELECT * FROM `xh_bankcard` WHERE  (  memberId=1304 ) LIMIT 1 [ RunTime:0.000000s ]
---------------------------------------------------------------
[ 2018-06-14T17:08:29+08:00 ] ::1 ::1 GET /feichangcelue/ucenter/bankcards.html
[ info ] localhost:888/feichangcelue/ucenter/bankcards.html [运行时间：0.076000s][吞吐率：13.16req/s] [内存消耗：3,115.13kb] [文件加载：60]
[ info ] [ CACHE ] INIT File
[ info ] [ LANG ] E:\DownloadSoftware\WWW\feichangcelue\thinkphp\lang\zh-cn.php
[ info ] [ ROUTE ] array (
  'type' => 'module',
  'module' => 
  array (
    0 => 'index',
    1 => 'ucenter',
    2 => 'bankcards',
  ),
  'convert' => false,
)
[ info ] [ HEADER ] array (
  'host' => 'localhost:888',
  'connection' => 'keep-alive',
  'cache-control' => 'max-age=0',
  'upgrade-insecure-requests' => '1',
  'user-agent' => 'Mozilla/5.0 (Linux; Android 6.0; Nexus 5 Build/MRA58N) AppleWebKit/537.36 (KHTML, like Gecko) Chrome/65.0.3325.181 Mobile Safari/537.36',
  'accept' => 'text/html,application/xhtml+xml,application/xml;q=0.9,image/webp,image/apng,*/*;q=0.8',
  'referer' => 'http://localhost:888/feichangcelue/ucenter/home.html',
  'accept-encoding' => 'gzip, deflate, br',
  'accept-language' => 'zh-CN,zh;q=0.9',
  'cookie' => 'Phpstorm-716cfd00=9e33e4ed-552c-4c41-9965-99ca56b64514; UM_distinctid=162a9ec99bd194-0c7414f5c5562-4446062d-144000-162a9ec99be867; CNZZDATA1263804910=503179565-1523269188-%7C1523269188; bdshare_firstime=1527066634311; ECS_ID=f61e786d7c00b7dcb924c10a6cdbd844c0988d22; ECS[visit_times]=1; PHPSESSID=brvod9k5qs1m9ad8k2qcan4ig5',
)
[ info ] [ PARAM ] array (
)
[ info ] [ BEHAVIOR ] Run app\common\behavior\Config @app_begin [ RunTime:0.000000s ]
[ info ] [ BEHAVIOR ] Run app\common\behavior\Hook @app_begin [ RunTime:0.005000s ]
[ info ] [ DB ] INIT mysql
[ info ] [ RUN ] app\index\controller\Ucenter->bankcards[ E:\DownloadSoftware\WWW\feichangcelue\application\index\controller\Ucenter.php ]
[ info ] [ VIEW ] E:\DownloadSoftware\WWW\feichangcelue/application/index\view\ucenter\mobile\bankcard.html [ array (
  0 => 'phone',
  1 => 'QQ',
  2 => 'usableSum',
  3 => 'member',
  4 => 'realName',
  5 => 'bankcard',
  6 => 'cardEndNO',
) ]
[ info ] [ LOG ] INIT File
[ sql ] [ DB ] CONNECT:[ UseTime:0.001000s ] mysql:dbname=feichangmoulue;host=127.0.0.1;port=3306;charset=utf8
[ sql ] [ SQL ] SHOW COLUMNS FROM `xh_member` [ RunTime:0.006000s ]
[ sql ] [ SQL ] SELECT `usableSum` FROM `xh_member` WHERE  (  id=1304 ) LIMIT 1 [ RunTime:0.000000s ]
[ sql ] [ SQL ] SELECT * FROM `xh_member` WHERE  (  id=1304 ) LIMIT 1 [ RunTime:0.000000s ]
[ sql ] [ SQL ] SELECT * FROM `xh_member` WHERE  (  id = 1304 ) LIMIT 1 [ RunTime:0.000000s ]
[ sql ] [ SQL ] SHOW COLUMNS FROM `xh_bankcard` [ RunTime:0.005000s ]
[ sql ] [ SQL ] SELECT * FROM `xh_bankcard` WHERE  (  memberId=1304 ) LIMIT 1 [ RunTime:0.000000s ]
---------------------------------------------------------------
[ 2018-06-14T17:08:30+08:00 ] ::1 ::1 GET /feichangcelue/ucenter/add_bankcard.html
[ info ] localhost:888/feichangcelue/ucenter/add_bankcard.html [运行时间：0.098000s][吞吐率：10.20req/s] [内存消耗：3,269.14kb] [文件加载：62]
[ info ] [ CACHE ] INIT File
[ info ] [ LANG ] E:\DownloadSoftware\WWW\feichangcelue\thinkphp\lang\zh-cn.php
[ info ] [ ROUTE ] array (
  'type' => 'module',
  'module' => 
  array (
    0 => 'index',
    1 => 'ucenter',
    2 => 'add_bankcard',
  ),
  'convert' => false,
)
[ info ] [ HEADER ] array (
  'host' => 'localhost:888',
  'connection' => 'keep-alive',
  'upgrade-insecure-requests' => '1',
  'user-agent' => 'Mozilla/5.0 (Linux; Android 6.0; Nexus 5 Build/MRA58N) AppleWebKit/537.36 (KHTML, like Gecko) Chrome/65.0.3325.181 Mobile Safari/537.36',
  'accept' => 'text/html,application/xhtml+xml,application/xml;q=0.9,image/webp,image/apng,*/*;q=0.8',
  'referer' => 'http://localhost:888/feichangcelue/ucenter/bankcards.html',
  'accept-encoding' => 'gzip, deflate, br',
  'accept-language' => 'zh-CN,zh;q=0.9',
  'cookie' => 'Phpstorm-716cfd00=9e33e4ed-552c-4c41-9965-99ca56b64514; UM_distinctid=162a9ec99bd194-0c7414f5c5562-4446062d-144000-162a9ec99be867; CNZZDATA1263804910=503179565-1523269188-%7C1523269188; bdshare_firstime=1527066634311; ECS_ID=f61e786d7c00b7dcb924c10a6cdbd844c0988d22; ECS[visit_times]=1; PHPSESSID=brvod9k5qs1m9ad8k2qcan4ig5',
)
[ info ] [ PARAM ] array (
)
[ info ] [ BEHAVIOR ] Run app\common\behavior\Config @app_begin [ RunTime:0.001000s ]
[ info ] [ BEHAVIOR ] Run app\common\behavior\Hook @app_begin [ RunTime:0.006000s ]
[ info ] [ DB ] INIT mysql
[ info ] [ RUN ] app\index\controller\Ucenter->add_bankcard[ E:\DownloadSoftware\WWW\feichangcelue\application\index\controller\Ucenter.php ]
[ info ] [ VIEW ] E:\DownloadSoftware\WWW\feichangcelue/application/index\view\ucenter\mobile\add_bankcard.html [ array (
  0 => 'phone',
  1 => 'QQ',
  2 => 'usableSum',
  3 => 'member',
  4 => 'realName',
  5 => 'bankcard',
  6 => 'cardEndNO',
) ]
[ info ] [ LOG ] INIT File
[ sql ] [ DB ] CONNECT:[ UseTime:0.010000s ] mysql:dbname=feichangmoulue;host=127.0.0.1;port=3306;charset=utf8
[ sql ] [ SQL ] SHOW COLUMNS FROM `xh_member` [ RunTime:0.007000s ]
[ sql ] [ SQL ] SELECT `usableSum` FROM `xh_member` WHERE  (  id=1304 ) LIMIT 1 [ RunTime:0.000000s ]
[ sql ] [ SQL ] SELECT * FROM `xh_member` WHERE  (  id=1304 ) LIMIT 1 [ RunTime:0.001000s ]
[ sql ] [ SQL ] SELECT * FROM `xh_member` WHERE  (  id = 1304 ) LIMIT 1 [ RunTime:0.000000s ]
[ sql ] [ SQL ] SHOW COLUMNS FROM `xh_bankcard` [ RunTime:0.005000s ]
[ sql ] [ SQL ] SELECT * FROM `xh_bankcard` WHERE  (  memberId=1304 ) LIMIT 1 [ RunTime:0.001000s ]
---------------------------------------------------------------
[ 2018-06-14T17:08:39+08:00 ] ::1 ::1 GET /feichangcelue/
[ info ] localhost:888/feichangcelue/ [运行时间：0.074000s][吞吐率：13.51req/s] [内存消耗：3,066.12kb] [文件加载：61]
[ info ] [ CACHE ] INIT File
[ info ] [ LANG ] E:\DownloadSoftware\WWW\feichangcelue\thinkphp\lang\zh-cn.php
[ info ] [ ROUTE ] array (
  'type' => 'module',
  'module' => 
  array (
    0 => '',
    1 => NULL,
    2 => NULL,
  ),
)
[ info ] [ HEADER ] array (
  'host' => 'localhost:888',
  'connection' => 'keep-alive',
  'upgrade-insecure-requests' => '1',
  'user-agent' => 'Mozilla/5.0 (Windows NT 6.1; WOW64) AppleWebKit/537.36 (KHTML, like Gecko) Chrome/65.0.3325.181 Safari/537.36',
  'accept' => 'text/html,application/xhtml+xml,application/xml;q=0.9,image/webp,image/apng,*/*;q=0.8',
  'accept-encoding' => 'gzip, deflate, br',
  'accept-language' => 'zh-CN,zh;q=0.9',
  'cookie' => 'Phpstorm-716cfd00=9e33e4ed-552c-4c41-9965-99ca56b64514; UM_distinctid=162a9ec99bd194-0c7414f5c5562-4446062d-144000-162a9ec99be867; CNZZDATA1263804910=503179565-1523269188-%7C1523269188; bdshare_firstime=1527066634311; ECS_ID=f61e786d7c00b7dcb924c10a6cdbd844c0988d22; ECS[visit_times]=1; PHPSESSID=brvod9k5qs1m9ad8k2qcan4ig5',
)
[ info ] [ PARAM ] array (
)
[ info ] [ BEHAVIOR ] Run app\common\behavior\Config @app_begin [ RunTime:0.001000s ]
[ info ] [ BEHAVIOR ] Run app\common\behavior\Hook @app_begin [ RunTime:0.005000s ]
[ info ] [ DB ] INIT mysql
[ info ] [ RUN ] app\index\controller\Index->index[ E:\DownloadSoftware\WWW\feichangcelue\application\index\controller\Index.php ]
[ info ] [ VIEW ] E:\DownloadSoftware\WWW\feichangcelue/application/index\view\index\index.html [ array (
  0 => 'phone',
  1 => 'QQ',
  2 => 'usableSum',
  3 => 'count',
  4 => 'earnSum',
  5 => 'buyList',
) ]
[ info ] [ LOG ] INIT File
[ sql ] [ DB ] CONNECT:[ UseTime:0.001000s ] mysql:dbname=feichangmoulue;host=127.0.0.1;port=3306;charset=utf8
[ sql ] [ SQL ] SHOW COLUMNS FROM `xh_member` [ RunTime:0.005000s ]
[ sql ] [ SQL ] SELECT `usableSum` FROM `xh_member` WHERE  (  id=1304 ) LIMIT 1 [ RunTime:0.000000s ]
[ sql ] [ SQL ] select a.stockCode, c.`name` as stockName,  a.createTime, b.username,b.mobile
			from xh_stock_order as a, xh_member as b, xh_shares as c
			 WHERE isFreetrial=0 and a.memberId = b.id and a.stockCode=c.`code`
			order by a.id desc limit 7 [ RunTime:0.001000s ]
[ sql ] [ SQL ] SHOW COLUMNS FROM `xh_stock_order` [ RunTime:0.007000s ]
[ sql ] [ SQL ] SELECT COUNT(*) AS tp_count FROM `xh_stock_order` WHERE  (  isFreetrial=0 ) LIMIT 1 [ RunTime:0.000000s ]
[ sql ] [ SQL ] SELECT SUM((sellPrice - dealPrice) * dealQuantity * 100) AS tp_sum FROM `xh_stock_order` WHERE  (  isFreetrial=0 and status=2 and sellPrice - dealPrice > 0 ) LIMIT 1 [ RunTime:0.001000s ]
---------------------------------------------------------------
[ 2018-06-14T17:08:40+08:00 ] ::1 ::1 GET /feichangcelue/
[ info ] localhost:888/feichangcelue/ [运行时间：0.251000s][吞吐率：3.98req/s] [内存消耗：3,201.96kb] [文件加载：65]
[ info ] [ CACHE ] INIT File
[ info ] [ LANG ] E:\DownloadSoftware\WWW\feichangcelue\thinkphp\lang\zh-cn.php
[ info ] [ ROUTE ] array (
  'type' => 'module',
  'module' => 
  array (
    0 => '',
    1 => NULL,
    2 => NULL,
  ),
)
[ info ] [ HEADER ] array (
  'host' => 'localhost:888',
  'connection' => 'keep-alive',
  'upgrade-insecure-requests' => '1',
  'user-agent' => 'Mozilla/5.0 (Linux; Android 6.0; Nexus 5 Build/MRA58N) AppleWebKit/537.36 (KHTML, like Gecko) Chrome/65.0.3325.181 Mobile Safari/537.36',
  'accept' => 'text/html,application/xhtml+xml,application/xml;q=0.9,image/webp,image/apng,*/*;q=0.8',
  'accept-encoding' => 'gzip, deflate, br',
  'accept-language' => 'zh-CN,zh;q=0.9',
  'cookie' => 'Phpstorm-716cfd00=9e33e4ed-552c-4c41-9965-99ca56b64514; UM_distinctid=162a9ec99bd194-0c7414f5c5562-4446062d-144000-162a9ec99be867; CNZZDATA1263804910=503179565-1523269188-%7C1523269188; bdshare_firstime=1527066634311; ECS_ID=f61e786d7c00b7dcb924c10a6cdbd844c0988d22; ECS[visit_times]=1; PHPSESSID=brvod9k5qs1m9ad8k2qcan4ig5',
)
[ info ] [ PARAM ] array (
)
[ info ] [ BEHAVIOR ] Run app\common\behavior\Config @app_begin [ RunTime:0.001000s ]
[ info ] [ BEHAVIOR ] Run app\common\behavior\Hook @app_begin [ RunTime:0.005000s ]
[ info ] [ DB ] INIT mysql
[ info ] [ RUN ] app\index\controller\Index->index[ E:\DownloadSoftware\WWW\feichangcelue\application\index\controller\Index.php ]
[ info ] [ VIEW ] E:\DownloadSoftware\WWW\feichangcelue/application/index\view\index\mobile\index.html [ array (
  0 => 'phone',
  1 => 'QQ',
  2 => 'usableSum',
  3 => 'count',
  4 => 'earnSum',
  5 => 'buyList',
) ]
[ info ] [ LOG ] INIT File
[ sql ] [ DB ] CONNECT:[ UseTime:0.010000s ] mysql:dbname=feichangmoulue;host=127.0.0.1;port=3306;charset=utf8
[ sql ] [ SQL ] SHOW COLUMNS FROM `xh_member` [ RunTime:0.006000s ]
[ sql ] [ SQL ] SELECT `usableSum` FROM `xh_member` WHERE  (  id=1304 ) LIMIT 1 [ RunTime:0.000000s ]
[ sql ] [ SQL ] select a.stockCode, c.`name` as stockName,  a.createTime, b.username,b.mobile
			from xh_stock_order as a, xh_member as b, xh_shares as c
			 WHERE isFreetrial=0 and a.memberId = b.id and a.stockCode=c.`code`
			order by a.id desc limit 7 [ RunTime:0.000000s ]
[ sql ] [ SQL ] SHOW COLUMNS FROM `xh_stock_order` [ RunTime:0.006000s ]
[ sql ] [ SQL ] SELECT COUNT(*) AS tp_count FROM `xh_stock_order` WHERE  (  isFreetrial=0 ) LIMIT 1 [ RunTime:0.001000s ]
[ sql ] [ SQL ] SELECT SUM((sellPrice - dealPrice) * dealQuantity * 100) AS tp_sum FROM `xh_stock_order` WHERE  (  isFreetrial=0 and status=2 and sellPrice - dealPrice > 0 ) LIMIT 1 [ RunTime:0.000000s ]
[ sql ] [ SQL ] SELECT `usableSum` FROM `xh_member` WHERE  (  id=1304 ) LIMIT 1 [ RunTime:0.000000s ]
[ error ] [8]Trying to get property of non-object[E:\DownloadSoftware\WWW\feichangcelue\application\index\controller\Index.php:63]
---------------------------------------------------------------
[ 2018-06-14T17:08:40+08:00 ] ::1 ::1 GET /feichangcelue/public/stock/js/maps/swiper.jquery.min.js.map
[ info ] localhost:888/feichangcelue/public/stock/js/maps/swiper.jquery.min.js.map [运行时间：0.044000s][吞吐率：22.73req/s] [内存消耗：1,880.95kb] [文件加载：46]
[ info ] [ CACHE ] INIT File
[ info ] [ LANG ] E:\DownloadSoftware\WWW\feichangcelue\thinkphp\lang\zh-cn.php
[ info ] [ ROUTE ] array (
  'type' => 'module',
  'module' => 
  array (
    0 => 'public',
    1 => 'stock',
    2 => 'js',
  ),
)
[ info ] [ HEADER ] array (
  'host' => 'localhost:888',
  'connection' => 'keep-alive',
  'user-agent' => 'Mozilla/5.0 (Linux; Android 6.0; Nexus 5 Build/MRA58N) AppleWebKit/537.36 (KHTML, like Gecko) Chrome/65.0.3325.181 Mobile Safari/537.36',
  'accept-encoding' => 'gzip, deflate, br',
  'accept-language' => 'zh-CN,zh;q=0.9',
  'cookie' => 'Phpstorm-716cfd00=9e33e4ed-552c-4c41-9965-99ca56b64514; UM_distinctid=162a9ec99bd194-0c7414f5c5562-4446062d-144000-162a9ec99be867; CNZZDATA1263804910=503179565-1523269188-%7C1523269188; bdshare_firstime=1527066634311; ECS_ID=f61e786d7c00b7dcb924c10a6cdbd844c0988d22; ECS[visit_times]=1; PHPSESSID=brvod9k5qs1m9ad8k2qcan4ig5',
)
[ info ] [ PARAM ] array (
  'maps' => 'swiper.jquery.min.js.map',
)
[ info ] [ BEHAVIOR ] Run app\common\behavior\Config @app_begin [ RunTime:0.001000s ]
[ info ] [ BEHAVIOR ] Run app\common\behavior\Hook @app_begin [ RunTime:0.008000s ]
[ info ] [ LOG ] INIT File
---------------------------------------------------------------
[ 2018-06-14T17:08:43+08:00 ] ::1 ::1 GET /feichangcelue/buy.html
[ info ] localhost:888/feichangcelue/buy.html [运行时间：0.088000s][吞吐率：11.36req/s] [内存消耗：3,063.47kb] [文件加载：61]
[ info ] [ CACHE ] INIT File
[ info ] [ LANG ] E:\DownloadSoftware\WWW\feichangcelue\thinkphp\lang\zh-cn.php
[ info ] [ ROUTE ] array (
  'type' => 'module',
  'module' => 
  array (
    0 => 'index',
    1 => 'index',
    2 => 'buy',
  ),
  'convert' => false,
)
[ info ] [ HEADER ] array (
  'host' => 'localhost:888',
  'connection' => 'keep-alive',
  'upgrade-insecure-requests' => '1',
  'user-agent' => 'Mozilla/5.0 (Linux; Android 6.0; Nexus 5 Build/MRA58N) AppleWebKit/537.36 (KHTML, like Gecko) Chrome/65.0.3325.181 Mobile Safari/537.36',
  'accept' => 'text/html,application/xhtml+xml,application/xml;q=0.9,image/webp,image/apng,*/*;q=0.8',
  'referer' => 'http://localhost:888/feichangcelue/',
  'accept-encoding' => 'gzip, deflate, br',
  'accept-language' => 'zh-CN,zh;q=0.9',
  'cookie' => 'Phpstorm-716cfd00=9e33e4ed-552c-4c41-9965-99ca56b64514; UM_distinctid=162a9ec99bd194-0c7414f5c5562-4446062d-144000-162a9ec99be867; CNZZDATA1263804910=503179565-1523269188-%7C1523269188; bdshare_firstime=1527066634311; ECS_ID=f61e786d7c00b7dcb924c10a6cdbd844c0988d22; ECS[visit_times]=1; PHPSESSID=brvod9k5qs1m9ad8k2qcan4ig5',
)
[ info ] [ PARAM ] array (
)
[ info ] [ BEHAVIOR ] Run app\common\behavior\Config @app_begin [ RunTime:0.001000s ]
[ info ] [ BEHAVIOR ] Run app\common\behavior\Hook @app_begin [ RunTime:0.007000s ]
[ info ] [ DB ] INIT mysql
[ info ] [ RUN ] app\index\controller\Index->buy[ E:\DownloadSoftware\WWW\feichangcelue\application\index\controller\Index.php ]
[ info ] [ VIEW ] E:\DownloadSoftware\WWW\feichangcelue/application/index\view\index\mobile\buy.html [ array (
  0 => 'phone',
  1 => 'QQ',
  2 => 'usableSum',
  3 => 'left',
  4 => 'dealPoundage',
  5 => 'delayFee',
  6 => 'dealFee',
  7 => 'delayLineRate',
  8 => 'stopLossRate',
) ]
[ info ] [ LOG ] INIT File
[ sql ] [ DB ] CONNECT:[ UseTime:0.001000s ] mysql:dbname=feichangmoulue;host=127.0.0.1;port=3306;charset=utf8
[ sql ] [ SQL ] SHOW COLUMNS FROM `xh_member` [ RunTime:0.006000s ]
[ sql ] [ SQL ] SELECT `usableSum` FROM `xh_member` WHERE  (  id=1304 ) LIMIT 1 [ RunTime:0.001000s ]
[ sql ] [ SQL ] SHOW COLUMNS FROM `xh_stock_order` [ RunTime:0.006000s ]
[ sql ] [ SQL ] SELECT COUNT(*) AS tp_count FROM `xh_stock_order` WHERE  (  memberId=1304 and isFreetrial=0 and left(createTime,10)='2018-06-14' ) LIMIT 1 [ RunTime:0.001000s ]
[ sql ] [ SQL ] SHOW COLUMNS FROM `xh_sys_params` [ RunTime:0.005000s ]
[ sql ] [ SQL ] SELECT `value` FROM `xh_sys_params` WHERE  (  `key` = 'dealPoundage' ) LIMIT 1 [ RunTime:0.000000s ]
[ sql ] [ SQL ] SELECT `value` FROM `xh_sys_params` WHERE  (  `key` = 'delayFee' ) LIMIT 1 [ RunTime:0.001000s ]
[ sql ] [ SQL ] SELECT `value` FROM `xh_sys_params` WHERE  (  `key` = 'dealFee' ) LIMIT 1 [ RunTime:0.001000s ]
[ sql ] [ SQL ] SELECT `value` FROM `xh_sys_params` WHERE  (  `key` = 'delayLineRate' ) LIMIT 1 [ RunTime:0.000000s ]
[ sql ] [ SQL ] SELECT `value` FROM `xh_sys_params` WHERE  (  `key` = 'stopLossRate' ) LIMIT 1 [ RunTime:0.001000s ]
---------------------------------------------------------------
[ 2018-06-14T17:08:45+08:00 ] ::1 ::1 GET /feichangcelue/sell.html
[ info ] localhost:888/feichangcelue/sell.html [运行时间：0.278000s][吞吐率：3.60req/s] [内存消耗：3,449.21kb] [文件加载：68]
[ info ] [ CACHE ] INIT File
[ info ] [ LANG ] E:\DownloadSoftware\WWW\feichangcelue\thinkphp\lang\zh-cn.php
[ info ] [ ROUTE ] array (
  'type' => 'module',
  'module' => 
  array (
    0 => 'index',
    1 => 'ucenter',
    2 => 'sell',
  ),
  'convert' => false,
)
[ info ] [ HEADER ] array (
  'host' => 'localhost:888',
  'connection' => 'keep-alive',
  'upgrade-insecure-requests' => '1',
  'user-agent' => 'Mozilla/5.0 (Linux; Android 6.0; Nexus 5 Build/MRA58N) AppleWebKit/537.36 (KHTML, like Gecko) Chrome/65.0.3325.181 Mobile Safari/537.36',
  'accept' => 'text/html,application/xhtml+xml,application/xml;q=0.9,image/webp,image/apng,*/*;q=0.8',
  'referer' => 'http://localhost:888/feichangcelue/buy.html',
  'accept-encoding' => 'gzip, deflate, br',
  'accept-language' => 'zh-CN,zh;q=0.9',
  'cookie' => 'Phpstorm-716cfd00=9e33e4ed-552c-4c41-9965-99ca56b64514; UM_distinctid=162a9ec99bd194-0c7414f5c5562-4446062d-144000-162a9ec99be867; CNZZDATA1263804910=503179565-1523269188-%7C1523269188; bdshare_firstime=1527066634311; ECS_ID=f61e786d7c00b7dcb924c10a6cdbd844c0988d22; ECS[visit_times]=1; PHPSESSID=brvod9k5qs1m9ad8k2qcan4ig5',
)
[ info ] [ PARAM ] array (
)
[ info ] [ BEHAVIOR ] Run app\common\behavior\Config @app_begin [ RunTime:0.000000s ]
[ info ] [ BEHAVIOR ] Run app\common\behavior\Hook @app_begin [ RunTime:0.005000s ]
[ info ] [ DB ] INIT mysql
[ info ] [ RUN ] app\index\controller\Ucenter->sell[ E:\DownloadSoftware\WWW\feichangcelue\application\index\controller\Ucenter.php ]
[ info ] [ VIEW ] E:\DownloadSoftware\WWW\feichangcelue/application/index\view\ucenter\mobile\sell.html [ array (
  0 => 'phone',
  1 => 'QQ',
  2 => 'usableSum',
  3 => 'member',
  4 => 'count',
  5 => 'delayFeeSum',
) ]
[ info ] [ LOG ] INIT File
[ sql ] [ DB ] CONNECT:[ UseTime:0.010000s ] mysql:dbname=feichangmoulue;host=127.0.0.1;port=3306;charset=utf8
[ sql ] [ SQL ] SHOW COLUMNS FROM `xh_member` [ RunTime:0.006000s ]
[ sql ] [ SQL ] SELECT `usableSum` FROM `xh_member` WHERE  (  id=1304 ) LIMIT 1 [ RunTime:0.000000s ]
[ sql ] [ SQL ] SELECT * FROM `xh_member` WHERE  (  id=1304 ) LIMIT 1 [ RunTime:0.000000s ]
[ sql ] [ SQL ] SHOW COLUMNS FROM `xh_stock_order` [ RunTime:0.005000s ]
[ sql ] [ SQL ] SELECT COUNT(*) AS tp_count FROM `xh_stock_order` WHERE  (  memberId=1304 and isFreetrial=0 and status = 1 ) LIMIT 1 [ RunTime:0.000000s ]
[ sql ] [ SQL ] SHOW COLUMNS FROM `xh_sys_params` [ RunTime:0.006000s ]
[ sql ] [ SQL ] SELECT `value` FROM `xh_sys_params` WHERE  (  `key` = 'delayFee' ) LIMIT 1 [ RunTime:0.001000s ]
[ sql ] [ SQL ] SELECT SUM(18 * dealAmount) AS tp_sum FROM `xh_stock_order` WHERE  (  memberId=1304 and isFreetrial=0 and status = 1 and delayDays >= 2 ) LIMIT 1 [ RunTime:0.000000s ]
[ sql ] [ SQL ] SELECT COUNT(*) AS tp_count FROM `xh_stock_order`,`xh_shares` WHERE  (   xh_stock_order.stockCode = xh_shares.`code` and xh_stock_order.memberId=1304 and isFreetrial=0 and status = 1 ) LIMIT 1 [ RunTime:0.000000s ]
[ sql ] [ SQL ] SELECT `xh_stock_order`.*,xh_shares.name as stockName,`xh_shares`.`market` FROM `xh_stock_order`,`xh_shares` WHERE  (   xh_stock_order.stockCode = xh_shares.`code` and xh_stock_order.memberId=1304 and isFreetrial=0 and status = 1 ) ORDER BY createTime desc LIMIT 0,5 [ RunTime:0.000000s ]
[ sql ] [ SQL ] SELECT `usableSum` FROM `xh_member` WHERE  (  id=1304 ) LIMIT 1 [ RunTime:0.000000s ]
[ error ] [8]未定义数组下标: 1[E:\DownloadSoftware\WWW\feichangcelue\thinkphp\library\think\db\Query.php:1365]
[ error ] [8]未定义数组下标: 1[E:\DownloadSoftware\WWW\feichangcelue\thinkphp\library\think\db\Query.php:1365]
[ error ] [8]Use of undefined constant count - assumed 'count'[E:\DownloadSoftware\WWW\feichangcelue\runtime\temp\681aa7eeba47acaf588f10651528267a.php:50]
[ error ] [8]未定义变量: list[E:\DownloadSoftware\WWW\feichangcelue\runtime\temp\681aa7eeba47acaf588f10651528267a.php:50]
[ error ] [8]未定义变量: listJson[E:\DownloadSoftware\WWW\feichangcelue\runtime\temp\681aa7eeba47acaf588f10651528267a.php:186]
[ error ] [8]未定义变量: listJson2[E:\DownloadSoftware\WWW\feichangcelue\runtime\temp\681aa7eeba47acaf588f10651528267a.php:188]
---------------------------------------------------------------
[ 2018-06-14T17:08:46+08:00 ] ::1 ::1 GET /feichangcelue/history.html
[ info ] localhost:888/feichangcelue/history.html [运行时间：0.101000s][吞吐率：9.90req/s] [内存消耗：3,338.98kb] [文件加载：67]
[ info ] [ CACHE ] INIT File
[ info ] [ LANG ] E:\DownloadSoftware\WWW\feichangcelue\thinkphp\lang\zh-cn.php
[ info ] [ ROUTE ] array (
  'type' => 'module',
  'module' => 
  array (
    0 => 'index',
    1 => 'ucenter',
    2 => 'history',
  ),
  'convert' => false,
)
[ info ] [ HEADER ] array (
  'host' => 'localhost:888',
  'connection' => 'keep-alive',
  'upgrade-insecure-requests' => '1',
  'user-agent' => 'Mozilla/5.0 (Linux; Android 6.0; Nexus 5 Build/MRA58N) AppleWebKit/537.36 (KHTML, like Gecko) Chrome/65.0.3325.181 Mobile Safari/537.36',
  'accept' => 'text/html,application/xhtml+xml,application/xml;q=0.9,image/webp,image/apng,*/*;q=0.8',
  'referer' => 'http://localhost:888/feichangcelue/sell.html',
  'accept-encoding' => 'gzip, deflate, br',
  'accept-language' => 'zh-CN,zh;q=0.9',
  'cookie' => 'Phpstorm-716cfd00=9e33e4ed-552c-4c41-9965-99ca56b64514; UM_distinctid=162a9ec99bd194-0c7414f5c5562-4446062d-144000-162a9ec99be867; CNZZDATA1263804910=503179565-1523269188-%7C1523269188; bdshare_firstime=1527066634311; ECS_ID=f61e786d7c00b7dcb924c10a6cdbd844c0988d22; ECS[visit_times]=1; PHPSESSID=brvod9k5qs1m9ad8k2qcan4ig5',
)
[ info ] [ PARAM ] array (
)
[ info ] [ BEHAVIOR ] Run app\common\behavior\Config @app_begin [ RunTime:0.000000s ]
[ info ] [ BEHAVIOR ] Run app\common\behavior\Hook @app_begin [ RunTime:0.006000s ]
[ info ] [ DB ] INIT mysql
[ info ] [ RUN ] app\index\controller\Ucenter->history[ E:\DownloadSoftware\WWW\feichangcelue\application\index\controller\Ucenter.php ]
[ info ] [ VIEW ] E:\DownloadSoftware\WWW\feichangcelue/application/index\view\ucenter\mobile\history.html [ array (
  0 => 'phone',
  1 => 'QQ',
  2 => 'usableSum',
  3 => 'member',
  4 => 'list',
  5 => 'profitFee',
) ]
[ info ] [ LOG ] INIT File
[ sql ] [ DB ] CONNECT:[ UseTime:0.001000s ] mysql:dbname=feichangmoulue;host=127.0.0.1;port=3306;charset=utf8
[ sql ] [ SQL ] SHOW COLUMNS FROM `xh_member` [ RunTime:0.005000s ]
[ sql ] [ SQL ] SELECT `usableSum` FROM `xh_member` WHERE  (  id=1304 ) LIMIT 1 [ RunTime:0.000000s ]
[ sql ] [ SQL ] SELECT * FROM `xh_member` WHERE  (  id=1304 ) LIMIT 1 [ RunTime:0.001000s ]
[ sql ] [ SQL ] SHOW COLUMNS FROM `xh_stock_order` [ RunTime:0.006000s ]
[ sql ] [ SQL ] SELECT COUNT(*) AS tp_count FROM `xh_stock_order`,`xh_shares` WHERE  (   xh_stock_order.stockCode = xh_shares.`code` and xh_stock_order.memberId=1304 and isFreetrial=0 and status = 2 and  1=1   ) LIMIT 1 [ RunTime:0.000000s ]
[ sql ] [ SQL ] SELECT `xh_stock_order`.*,xh_shares.name as stockName,`xh_shares`.`market` FROM `xh_stock_order`,`xh_shares` WHERE  (   xh_stock_order.stockCode = xh_shares.`code` and xh_stock_order.memberId=1304 and isFreetrial=0 and status = 2 and  1=1   ) ORDER BY sellTime desc LIMIT 0,5 [ RunTime:0.001000s ]
[ sql ] [ SQL ] SHOW COLUMNS FROM `xh_sys_params` [ RunTime:0.006000s ]
[ sql ] [ SQL ] SELECT `value` FROM `xh_sys_params` WHERE  (  `key` = 'profitFee' ) LIMIT 1 [ RunTime:0.001000s ]
[ error ] [8]未定义数组下标: 1[E:\DownloadSoftware\WWW\feichangcelue\thinkphp\library\think\db\Query.php:1365]
[ error ] [8]未定义数组下标: 1[E:\DownloadSoftware\WWW\feichangcelue\thinkphp\library\think\db\Query.php:1365]
